<testsuite name="Mocha Tests" tests="2000" failures="0" errors="0" skipped="0" timestamp="Tue, 12 Apr 2016 06:25:34 GMT" time="5.941">
<testcase classname="Index" name="renders HTML" time="0.039"/>
<testcase classname="Index" name="renders HTML" time="0.008"/>
<testcase classname="Index" name="renders HTML" time="0.003"/>
<testcase classname="Index" name="renders HTML" time="0.002"/>
<testcase classname="Index" name="renders HTML" time="0.003"/>
<testcase classname="Index" name="renders HTML" time="0.002"/>
<testcase classname="Index" name="renders HTML" time="0.003"/>
<testcase classname="Index" name="renders HTML" time="0.002"/>
<testcase classname="Index" name="renders HTML" time="0.002"/>
<testcase classname="Index" name="renders HTML" time="0.002"/>
<testcase classname="Index" name="renders HTML" time="0.002"/>
<testcase classname="Index" name="renders HTML" time="0.002"/>
<testcase classname="Index" name="renders HTML" time="0.002"/>
<testcase classname="Index" name="renders HTML" time="0.002"/>
<testcase classname="Index" name="renders HTML" time="0.003"/>
<testcase classname="Index" name="renders HTML" time="0.003"/>
<testcase classname="Index" name="renders HTML" time="0.006"/>
<testcase classname="Index" name="renders HTML" time="0.002"/>
<testcase classname="Index" name="renders HTML" time="0.003"/>
<testcase classname="Index" name="renders HTML" time="0.003"/>
<testcase classname="Index" name="renders HTML" time="0.003"/>
<testcase classname="Index" name="renders HTML" time="0.002"/>
<testcase classname="Index" name="renders HTML" time="0.008"/>
<testcase classname="Index" name="renders HTML" time="0.004"/>
<testcase classname="Index" name="renders HTML" time="0.002"/>
<testcase classname="Index" name="renders HTML" time="0.002"/>
<testcase classname="Index" name="renders HTML" time="0.002"/>
<testcase classname="Index" name="renders HTML" time="0.004"/>
<testcase classname="Index" name="renders HTML" time="0.006"/>
<testcase classname="Index" name="renders HTML" time="0.001"/>
<testcase classname="Index" name="renders HTML" time="0.006"/>
<testcase classname="Index" name="renders HTML" time="0.003"/>
<testcase classname="Index" name="renders HTML" time="0.004"/>
<testcase classname="Index" name="renders HTML" time="0.002"/>
<testcase classname="Index" name="renders HTML" time="0.003"/>
<testcase classname="Index" name="renders HTML" time="0.002"/>
<testcase classname="Index" name="renders HTML" time="0.002"/>
<testcase classname="Index" name="renders HTML" time="0.006"/>
<testcase classname="Index" name="renders HTML" time="0.005"/>
<testcase classname="Index" name="renders HTML" time="0.002"/>
<testcase classname="Index" name="renders HTML" time="0.003"/>
<testcase classname="Index" name="renders HTML" time="0.006"/>
<testcase classname="Index" name="renders HTML" time="0.007"/>
<testcase classname="Index" name="renders HTML" time="0.003"/>
<testcase classname="Index" name="renders HTML" time="0.003"/>
<testcase classname="Index" name="renders HTML" time="0.002"/>
<testcase classname="Index" name="renders HTML" time="0.003"/>
<testcase classname="Index" name="renders HTML" time="0.002"/>
<testcase classname="Index" name="renders HTML" time="0.005"/>
<testcase classname="Index" name="renders HTML" time="0.003"/>
<testcase classname="Index" name="renders HTML" time="0.002"/>
<testcase classname="Index" name="renders HTML" time="0.005"/>
<testcase classname="Index" name="renders HTML" time="0.002"/>
<testcase classname="Index" name="renders HTML" time="0.002"/>
<testcase classname="Index" name="renders HTML" time="0.002"/>
<testcase classname="Index" name="renders HTML" time="0.004"/>
<testcase classname="Index" name="renders HTML" time="0.007"/>
<testcase classname="Index" name="renders HTML" time="0.002"/>
<testcase classname="Index" name="renders HTML" time="0.002"/>
<testcase classname="Index" name="renders HTML" time="0.002"/>
<testcase classname="Index" name="renders HTML" time="0.007"/>
<testcase classname="Index" name="renders HTML" time="0.002"/>
<testcase classname="Index" name="renders HTML" time="0.002"/>
<testcase classname="Index" name="renders HTML" time="0.005"/>
<testcase classname="Index" name="renders HTML" time="0.004"/>
<testcase classname="Index" name="renders HTML" time="0.008"/>
<testcase classname="Index" name="renders HTML" time="0.003"/>
<testcase classname="Index" name="renders HTML" time="0.002"/>
<testcase classname="Index" name="renders HTML" time="0.002"/>
<testcase classname="Index" name="renders HTML" time="0.004"/>
<testcase classname="Index" name="renders HTML" time="0.001"/>
<testcase classname="Index" name="renders HTML" time="0.001"/>
<testcase classname="Index" name="renders HTML" time="0.002"/>
<testcase classname="Index" name="renders HTML" time="0.002"/>
<testcase classname="Index" name="renders HTML" time="0.002"/>
<testcase classname="Index" name="renders HTML" time="0.002"/>
<testcase classname="Index" name="renders HTML" time="0.004"/>
<testcase classname="Index" name="renders HTML" time="0.003"/>
<testcase classname="Index" name="renders HTML" time="0.005"/>
<testcase classname="Index" name="renders HTML" time="0.007"/>
<testcase classname="Index" name="renders HTML" time="0.003"/>
<testcase classname="Index" name="renders HTML" time="0.003"/>
<testcase classname="Index" name="renders HTML" time="0.004"/>
<testcase classname="Index" name="renders HTML" time="0.007"/>
<testcase classname="Index" name="renders HTML" time="0.005"/>
<testcase classname="Index" name="renders HTML" time="0.003"/>
<testcase classname="Index" name="renders HTML" time="0.006"/>
<testcase classname="Index" name="renders HTML" time="0.004"/>
<testcase classname="Index" name="renders HTML" time="0.004"/>
<testcase classname="Index" name="renders HTML" time="0.003"/>
<testcase classname="Index" name="renders HTML" time="0.003"/>
<testcase classname="Index" name="renders HTML" time="0.005"/>
<testcase classname="Index" name="renders HTML" time="0.005"/>
<testcase classname="Index" name="renders HTML" time="0.004"/>
<testcase classname="Index" name="renders HTML" time="0.004"/>
<testcase classname="Index" name="renders HTML" time="0.004"/>
<testcase classname="Index" name="renders HTML" time="0.005"/>
<testcase classname="Index" name="renders HTML" time="0.007"/>
<testcase classname="Index" name="renders HTML" time="0.009"/>
<testcase classname="Index" name="renders HTML" time="0.004"/>
<testcase classname="Index" name="renders HTML" time="0.003"/>
<testcase classname="Index" name="renders HTML" time="0.003"/>
<testcase classname="Index" name="renders HTML" time="0.002"/>
<testcase classname="Index" name="renders HTML" time="0.003"/>
<testcase classname="Index" name="renders HTML" time="0.003"/>
<testcase classname="Index" name="renders HTML" time="0.003"/>
<testcase classname="Index" name="renders HTML" time="0.002"/>
<testcase classname="Index" name="renders HTML" time="0.002"/>
<testcase classname="Index" name="renders HTML" time="0.005"/>
<testcase classname="Index" name="renders HTML" time="0.003"/>
<testcase classname="Index" name="renders HTML" time="0.003"/>
<testcase classname="Index" name="renders HTML" time="0.003"/>
<testcase classname="Index" name="renders HTML" time="0.004"/>
<testcase classname="Index" name="renders HTML" time="0.004"/>
<testcase classname="Index" name="renders HTML" time="0.002"/>
<testcase classname="Index" name="renders HTML" time="0.002"/>
<testcase classname="Index" name="renders HTML" time="0.002"/>
<testcase classname="Index" name="renders HTML" time="0.002"/>
<testcase classname="Index" name="renders HTML" time="0.003"/>
<testcase classname="Index" name="renders HTML" time="0.003"/>
<testcase classname="Index" name="renders HTML" time="0.005"/>
<testcase classname="Index" name="renders HTML" time="0.003"/>
<testcase classname="Index" name="renders HTML" time="0.002"/>
<testcase classname="Index" name="renders HTML" time="0.003"/>
<testcase classname="Index" name="renders HTML" time="0.003"/>
<testcase classname="Index" name="renders HTML" time="0.004"/>
<testcase classname="Index" name="renders HTML" time="0.005"/>
<testcase classname="Index" name="renders HTML" time="0.004"/>
<testcase classname="Index" name="renders HTML" time="0.006"/>
<testcase classname="Index" name="renders HTML" time="0.006"/>
<testcase classname="Index" name="renders HTML" time="0.009"/>
<testcase classname="Index" name="renders HTML" time="0.05"/>
<testcase classname="Index" name="renders HTML" time="0.006"/>
<testcase classname="Index" name="renders HTML" time="0.011"/>
<testcase classname="Index" name="renders HTML" time="0.005"/>
<testcase classname="Index" name="renders HTML" time="0.004"/>
<testcase classname="Index" name="renders HTML" time="0.006"/>
<testcase classname="Index" name="renders HTML" time="0.003"/>
<testcase classname="Index" name="renders HTML" time="0.003"/>
<testcase classname="Index" name="renders HTML" time="0.004"/>
<testcase classname="Index" name="renders HTML" time="0.003"/>
<testcase classname="Index" name="renders HTML" time="0.004"/>
<testcase classname="Index" name="renders HTML" time="0.003"/>
<testcase classname="Index" name="renders HTML" time="0.005"/>
<testcase classname="Index" name="renders HTML" time="0.004"/>
<testcase classname="Index" name="renders HTML" time="0.003"/>
<testcase classname="Index" name="renders HTML" time="0.003"/>
<testcase classname="Index" name="renders HTML" time="0.008"/>
<testcase classname="Index" name="renders HTML" time="0.002"/>
<testcase classname="Index" name="renders HTML" time="0.002"/>
<testcase classname="Index" name="renders HTML" time="0.005"/>
<testcase classname="Index" name="renders HTML" time="0.002"/>
<testcase classname="Index" name="renders HTML" time="0.003"/>
<testcase classname="Index" name="renders HTML" time="0.002"/>
<testcase classname="Index" name="renders HTML" time="0.002"/>
<testcase classname="Index" name="renders HTML" time="0.002"/>
<testcase classname="Index" name="renders HTML" time="0.003"/>
<testcase classname="Index" name="renders HTML" time="0.003"/>
<testcase classname="Index" name="renders HTML" time="0.003"/>
<testcase classname="Index" name="renders HTML" time="0.006"/>
<testcase classname="Index" name="renders HTML" time="0.005"/>
<testcase classname="Index" name="renders HTML" time="0.003"/>
<testcase classname="Index" name="renders HTML" time="0.008"/>
<testcase classname="Index" name="renders HTML" time="0.003"/>
<testcase classname="Index" name="renders HTML" time="0.007"/>
<testcase classname="Index" name="renders HTML" time="0.003"/>
<testcase classname="Index" name="renders HTML" time="0.004"/>
<testcase classname="Index" name="renders HTML" time="0.002"/>
<testcase classname="Index" name="renders HTML" time="0.02"/>
<testcase classname="Index" name="renders HTML" time="0.003"/>
<testcase classname="Index" name="renders HTML" time="0.007"/>
<testcase classname="Index" name="renders HTML" time="0.002"/>
<testcase classname="Index" name="renders HTML" time="0.002"/>
<testcase classname="Index" name="renders HTML" time="0.004"/>
<testcase classname="Index" name="renders HTML" time="0.002"/>
<testcase classname="Index" name="renders HTML" time="0.002"/>
<testcase classname="Index" name="renders HTML" time="0.002"/>
<testcase classname="Index" name="renders HTML" time="0.002"/>
<testcase classname="Index" name="renders HTML" time="0.002"/>
<testcase classname="Index" name="renders HTML" time="0.003"/>
<testcase classname="Index" name="renders HTML" time="0.008"/>
<testcase classname="Index" name="renders HTML" time="0.003"/>
<testcase classname="Index" name="renders HTML" time="0.002"/>
<testcase classname="Index" name="renders HTML" time="0.002"/>
<testcase classname="Index" name="renders HTML" time="0.002"/>
<testcase classname="Index" name="renders HTML" time="0.002"/>
<testcase classname="Index" name="renders HTML" time="0.002"/>
<testcase classname="Index" name="renders HTML" time="0.002"/>
<testcase classname="Index" name="renders HTML" time="0.003"/>
<testcase classname="Index" name="renders HTML" time="0.006"/>
<testcase classname="Index" name="renders HTML" time="0.004"/>
<testcase classname="Index" name="renders HTML" time="0.002"/>
<testcase classname="Index" name="renders HTML" time="0.003"/>
<testcase classname="Index" name="renders HTML" time="0.005"/>
<testcase classname="Index" name="renders HTML" time="0.003"/>
<testcase classname="Index" name="renders HTML" time="0.005"/>
<testcase classname="Index" name="renders HTML" time="0.013"/>
<testcase classname="Index" name="renders HTML" time="0.003"/>
<testcase classname="Index" name="renders HTML" time="0.002"/>
<testcase classname="Index" name="renders HTML" time="0.006"/>
<testcase classname="Index" name="renders HTML" time="0.003"/>
<testcase classname="Index" name="renders HTML" time="0.005"/>
<testcase classname="Index" name="renders HTML" time="0.003"/>
<testcase classname="Index" name="renders HTML" time="0.004"/>
<testcase classname="Index" name="renders HTML" time="0.003"/>
<testcase classname="Index" name="renders HTML" time="0.003"/>
<testcase classname="Index" name="renders HTML" time="0.003"/>
<testcase classname="Index" name="renders HTML" time="0.008"/>
<testcase classname="Index" name="renders HTML" time="0.002"/>
<testcase classname="Index" name="renders HTML" time="0.002"/>
<testcase classname="Index" name="renders HTML" time="0.003"/>
<testcase classname="Index" name="renders HTML" time="0.003"/>
<testcase classname="Index" name="renders HTML" time="0.002"/>
<testcase classname="Index" name="renders HTML" time="0.004"/>
<testcase classname="Index" name="renders HTML" time="0.002"/>
<testcase classname="Index" name="renders HTML" time="0.002"/>
<testcase classname="Index" name="renders HTML" time="0.002"/>
<testcase classname="Index" name="renders HTML" time="0.002"/>
<testcase classname="Index" name="renders HTML" time="0.006"/>
<testcase classname="Index" name="renders HTML" time="0.005"/>
<testcase classname="Index" name="renders HTML" time="0.003"/>
<testcase classname="Index" name="renders HTML" time="0.003"/>
<testcase classname="Index" name="renders HTML" time="0.002"/>
<testcase classname="Index" name="renders HTML" time="0.003"/>
<testcase classname="Index" name="renders HTML" time="0.003"/>
<testcase classname="Index" name="renders HTML" time="0.007"/>
<testcase classname="Index" name="renders HTML" time="0.004"/>
<testcase classname="Index" name="renders HTML" time="0.004"/>
<testcase classname="Index" name="renders HTML" time="0.002"/>
<testcase classname="Index" name="renders HTML" time="0.003"/>
<testcase classname="Index" name="renders HTML" time="0.003"/>
<testcase classname="Index" name="renders HTML" time="0.002"/>
<testcase classname="Index" name="renders HTML" time="0.003"/>
<testcase classname="Index" name="renders HTML" time="0.007"/>
<testcase classname="Index" name="renders HTML" time="0.003"/>
<testcase classname="Index" name="renders HTML" time="0.005"/>
<testcase classname="Index" name="renders HTML" time="0.003"/>
<testcase classname="Index" name="renders HTML" time="0.002"/>
<testcase classname="Index" name="renders HTML" time="0.002"/>
<testcase classname="Index" name="renders HTML" time="0.002"/>
<testcase classname="Index" name="renders HTML" time="0.003"/>
<testcase classname="Index" name="renders HTML" time="0.003"/>
<testcase classname="Index" name="renders HTML" time="0.005"/>
<testcase classname="Index" name="renders HTML" time="0.006"/>
<testcase classname="Index" name="renders HTML" time="0.003"/>
<testcase classname="Index" name="renders HTML" time="0.003"/>
<testcase classname="Index" name="renders HTML" time="0.005"/>
<testcase classname="Index" name="renders HTML" time="0.003"/>
<testcase classname="Index" name="renders HTML" time="0.003"/>
<testcase classname="Index" name="renders HTML" time="0.003"/>
<testcase classname="Index" name="renders HTML" time="0.006"/>
<testcase classname="Index" name="renders HTML" time="0.005"/>
<testcase classname="Index" name="renders HTML" time="0.003"/>
<testcase classname="Index" name="renders HTML" time="0.006"/>
<testcase classname="Index" name="renders HTML" time="0.003"/>
<testcase classname="Index" name="renders HTML" time="0.003"/>
<testcase classname="Index" name="renders HTML" time="0.003"/>
<testcase classname="Index" name="renders HTML" time="0.005"/>
<testcase classname="Index" name="renders HTML" time="0.003"/>
<testcase classname="Index" name="renders HTML" time="0.003"/>
<testcase classname="Index" name="renders HTML" time="0.002"/>
<testcase classname="Index" name="renders HTML" time="0.004"/>
<testcase classname="Index" name="renders HTML" time="0.008"/>
<testcase classname="Index" name="renders HTML" time="0.009"/>
<testcase classname="Index" name="renders HTML" time="0.002"/>
<testcase classname="Index" name="renders HTML" time="0.002"/>
<testcase classname="Index" name="renders HTML" time="0.002"/>
<testcase classname="Index" name="renders HTML" time="0.002"/>
<testcase classname="Index" name="renders HTML" time="0.003"/>
<testcase classname="Index" name="renders HTML" time="0.002"/>
<testcase classname="Index" name="renders HTML" time="0.003"/>
<testcase classname="Index" name="renders HTML" time="0.004"/>
<testcase classname="Index" name="renders HTML" time="0.008"/>
<testcase classname="Index" name="renders HTML" time="0.003"/>
<testcase classname="Index" name="renders HTML" time="0.003"/>
<testcase classname="Index" name="renders HTML" time="0.003"/>
<testcase classname="Index" name="renders HTML" time="0.003"/>
<testcase classname="Index" name="renders HTML" time="0.003"/>
<testcase classname="Index" name="renders HTML" time="0.004"/>
<testcase classname="Index" name="renders HTML" time="0.005"/>
<testcase classname="Index" name="renders HTML" time="0.003"/>
<testcase classname="Index" name="renders HTML" time="0.01"/>
<testcase classname="Index" name="renders HTML" time="0.004"/>
<testcase classname="Index" name="renders HTML" time="0.001"/>
<testcase classname="Index" name="renders HTML" time="0.003"/>
<testcase classname="Index" name="renders HTML" time="0.002"/>
<testcase classname="Index" name="renders HTML" time="0.002"/>
<testcase classname="Index" name="renders HTML" time="0.004"/>
<testcase classname="Index" name="renders HTML" time="0.003"/>
<testcase classname="Index" name="renders HTML" time="0.002"/>
<testcase classname="Index" name="renders HTML" time="0.003"/>
<testcase classname="Index" name="renders HTML" time="0.001"/>
<testcase classname="Index" name="renders HTML" time="0.002"/>
<testcase classname="Index" name="renders HTML" time="0.002"/>
<testcase classname="Index" name="renders HTML" time="0.001"/>
<testcase classname="Index" name="renders HTML" time="0.004"/>
<testcase classname="Index" name="renders HTML" time="0.003"/>
<testcase classname="Index" name="renders HTML" time="0.002"/>
<testcase classname="Index" name="renders HTML" time="0.002"/>
<testcase classname="Index" name="renders HTML" time="0.003"/>
<testcase classname="Index" name="renders HTML" time="0.002"/>
<testcase classname="Index" name="renders HTML" time="0.001"/>
<testcase classname="Index" name="renders HTML" time="0.002"/>
<testcase classname="Index" name="renders HTML" time="0.001"/>
<testcase classname="Index" name="renders HTML" time="0.001"/>
<testcase classname="Index" name="renders HTML" time="0.001"/>
<testcase classname="Index" name="renders HTML" time="0.002"/>
<testcase classname="Index" name="renders HTML" time="0.002"/>
<testcase classname="Index" name="renders HTML" time="0.003"/>
<testcase classname="Index" name="renders HTML" time="0.005"/>
<testcase classname="Index" name="renders HTML" time="0.006"/>
<testcase classname="Index" name="renders HTML" time="0.002"/>
<testcase classname="Index" name="renders HTML" time="0.02"/>
<testcase classname="Index" name="renders HTML" time="0.005"/>
<testcase classname="Index" name="renders HTML" time="0.003"/>
<testcase classname="Index" name="renders HTML" time="0.003"/>
<testcase classname="Index" name="renders HTML" time="0.002"/>
<testcase classname="Index" name="renders HTML" time="0.006"/>
<testcase classname="Index" name="renders HTML" time="0.002"/>
<testcase classname="Index" name="renders HTML" time="0.002"/>
<testcase classname="Index" name="renders HTML" time="0.004"/>
<testcase classname="Index" name="renders HTML" time="0.002"/>
<testcase classname="Index" name="renders HTML" time="0.002"/>
<testcase classname="Index" name="renders HTML" time="0.003"/>
<testcase classname="Index" name="renders HTML" time="0.003"/>
<testcase classname="Index" name="renders HTML" time="0.002"/>
<testcase classname="Index" name="renders HTML" time="0.002"/>
<testcase classname="Index" name="renders HTML" time="0.002"/>
<testcase classname="Index" name="renders HTML" time="0.004"/>
<testcase classname="Index" name="renders HTML" time="0.003"/>
<testcase classname="Index" name="renders HTML" time="0.004"/>
<testcase classname="Index" name="renders HTML" time="0.002"/>
<testcase classname="Index" name="renders HTML" time="0.002"/>
<testcase classname="Index" name="renders HTML" time="0.003"/>
<testcase classname="Index" name="renders HTML" time="0.002"/>
<testcase classname="Index" name="renders HTML" time="0.002"/>
<testcase classname="Index" name="renders HTML" time="0.002"/>
<testcase classname="Index" name="renders HTML" time="0.003"/>
<testcase classname="Index" name="renders HTML" time="0.002"/>
<testcase classname="Index" name="renders HTML" time="0.002"/>
<testcase classname="Index" name="renders HTML" time="0.004"/>
<testcase classname="Index" name="renders HTML" time="0.002"/>
<testcase classname="Index" name="renders HTML" time="0.002"/>
<testcase classname="Index" name="renders HTML" time="0.006"/>
<testcase classname="Index" name="renders HTML" time="0.004"/>
<testcase classname="Index" name="renders HTML" time="0.004"/>
<testcase classname="Index" name="renders HTML" time="0.002"/>
<testcase classname="Index" name="renders HTML" time="0.002"/>
<testcase classname="Index" name="renders HTML" time="0.001"/>
<testcase classname="Index" name="renders HTML" time="0.002"/>
<testcase classname="Index" name="renders HTML" time="0.002"/>
<testcase classname="Index" name="renders HTML" time="0.004"/>
<testcase classname="Index" name="renders HTML" time="0.001"/>
<testcase classname="Index" name="renders HTML" time="0.002"/>
<testcase classname="Index" name="renders HTML" time="0.002"/>
<testcase classname="Index" name="renders HTML" time="0.005"/>
<testcase classname="Index" name="renders HTML" time="0.003"/>
<testcase classname="Index" name="renders HTML" time="0.002"/>
<testcase classname="Index" name="renders HTML" time="0.001"/>
<testcase classname="Index" name="renders HTML" time="0.002"/>
<testcase classname="Index" name="renders HTML" time="0.001"/>
<testcase classname="Index" name="renders HTML" time="0.002"/>
<testcase classname="Index" name="renders HTML" time="0.002"/>
<testcase classname="Index" name="renders HTML" time="0.006"/>
<testcase classname="Index" name="renders HTML" time="0.004"/>
<testcase classname="Index" name="renders HTML" time="0.002"/>
<testcase classname="Index" name="renders HTML" time="0.003"/>
<testcase classname="Index" name="renders HTML" time="0.004"/>
<testcase classname="Index" name="renders HTML" time="0.002"/>
<testcase classname="Index" name="renders HTML" time="0.002"/>
<testcase classname="Index" name="renders HTML" time="0.003"/>
<testcase classname="Index" name="renders HTML" time="0.002"/>
<testcase classname="Index" name="renders HTML" time="0.002"/>
<testcase classname="Index" name="renders HTML" time="0.005"/>
<testcase classname="Index" name="renders HTML" time="0.002"/>
<testcase classname="Index" name="renders HTML" time="0.002"/>
<testcase classname="Index" name="renders HTML" time="0.002"/>
<testcase classname="Index" name="renders HTML" time="0.002"/>
<testcase classname="Index" name="renders HTML" time="0.005"/>
<testcase classname="Index" name="renders HTML" time="0.002"/>
<testcase classname="Index" name="renders HTML" time="0.003"/>
<testcase classname="Index" name="renders HTML" time="0.001"/>
<testcase classname="Index" name="renders HTML" time="0.002"/>
<testcase classname="Index" name="renders HTML" time="0.001"/>
<testcase classname="Index" name="renders HTML" time="0.002"/>
<testcase classname="Index" name="renders HTML" time="0.001"/>
<testcase classname="Index" name="renders HTML" time="0.001"/>
<testcase classname="Index" name="renders HTML" time="0.002"/>
<testcase classname="Index" name="renders HTML" time="0.006"/>
<testcase classname="Index" name="renders HTML" time="0.002"/>
<testcase classname="Index" name="renders HTML" time="0.002"/>
<testcase classname="Index" name="renders HTML" time="0.013"/>
<testcase classname="Index" name="renders HTML" time="0.003"/>
<testcase classname="Index" name="renders HTML" time="0.029"/>
<testcase classname="Index" name="renders HTML" time="0.006"/>
<testcase classname="Index" name="renders HTML" time="0.002"/>
<testcase classname="Index" name="renders HTML" time="0.002"/>
<testcase classname="Index" name="renders HTML" time="0.001"/>
<testcase classname="Index" name="renders HTML" time="0.001"/>
<testcase classname="Index" name="renders HTML" time="0.002"/>
<testcase classname="Index" name="renders HTML" time="0.002"/>
<testcase classname="Index" name="renders HTML" time="0.004"/>
<testcase classname="Index" name="renders HTML" time="0.006"/>
<testcase classname="Index" name="renders HTML" time="0.002"/>
<testcase classname="Index" name="renders HTML" time="0.002"/>
<testcase classname="Index" name="renders HTML" time="0.002"/>
<testcase classname="Index" name="renders HTML" time="0.002"/>
<testcase classname="Index" name="renders HTML" time="0.002"/>
<testcase classname="Index" name="renders HTML" time="0.002"/>
<testcase classname="Index" name="renders HTML" time="0.002"/>
<testcase classname="Index" name="renders HTML" time="0.002"/>
<testcase classname="Index" name="renders HTML" time="0.002"/>
<testcase classname="Index" name="renders HTML" time="0.002"/>
<testcase classname="Index" name="renders HTML" time="0.006"/>
<testcase classname="Index" name="renders HTML" time="0.005"/>
<testcase classname="Index" name="renders HTML" time="0.007"/>
<testcase classname="Index" name="renders HTML" time="0.001"/>
<testcase classname="Index" name="renders HTML" time="0.001"/>
<testcase classname="Index" name="renders HTML" time="0.002"/>
<testcase classname="Index" name="renders HTML" time="0.002"/>
<testcase classname="Index" name="renders HTML" time="0.002"/>
<testcase classname="Index" name="renders HTML" time="0.002"/>
<testcase classname="Index" name="renders HTML" time="0.006"/>
<testcase classname="Index" name="renders HTML" time="0.004"/>
<testcase classname="Index" name="renders HTML" time="0.001"/>
<testcase classname="Index" name="renders HTML" time="0.003"/>
<testcase classname="Index" name="renders HTML" time="0.002"/>
<testcase classname="Index" name="renders HTML" time="0.007"/>
<testcase classname="Index" name="renders HTML" time="0.003"/>
<testcase classname="Index" name="renders HTML" time="0.005"/>
<testcase classname="Index" name="renders HTML" time="0.003"/>
<testcase classname="Index" name="renders HTML" time="0.006"/>
<testcase classname="Index" name="renders HTML" time="0.003"/>
<testcase classname="Index" name="renders HTML" time="0.006"/>
<testcase classname="Index" name="renders HTML" time="0.005"/>
<testcase classname="Index" name="renders HTML" time="0.003"/>
<testcase classname="Index" name="renders HTML" time="0.005"/>
<testcase classname="Index" name="renders HTML" time="0.003"/>
<testcase classname="Index" name="renders HTML" time="0.001"/>
<testcase classname="Index" name="renders HTML" time="0.002"/>
<testcase classname="Index" name="renders HTML" time="0.003"/>
<testcase classname="Index" name="renders HTML" time="0.004"/>
<testcase classname="Index" name="renders HTML" time="0.003"/>
<testcase classname="Index" name="renders HTML" time="0.006"/>
<testcase classname="Index" name="renders HTML" time="0.004"/>
<testcase classname="Index" name="renders HTML" time="0.003"/>
<testcase classname="Index" name="renders HTML" time="0.003"/>
<testcase classname="Index" name="renders HTML" time="0.002"/>
<testcase classname="Index" name="renders HTML" time="0.002"/>
<testcase classname="Index" name="renders HTML" time="0.002"/>
<testcase classname="Index" name="renders HTML" time="0.004"/>
<testcase classname="Index" name="renders HTML" time="0.003"/>
<testcase classname="Index" name="renders HTML" time="0.002"/>
<testcase classname="Index" name="renders HTML" time="0.002"/>
<testcase classname="Index" name="renders HTML" time="0.002"/>
<testcase classname="Index" name="renders HTML" time="0.002"/>
<testcase classname="Index" name="renders HTML" time="0.002"/>
<testcase classname="Index" name="renders HTML" time="0.009"/>
<testcase classname="Index" name="renders HTML" time="0.004"/>
<testcase classname="Index" name="renders HTML" time="0.003"/>
<testcase classname="Index" name="renders HTML" time="0.002"/>
<testcase classname="Index" name="renders HTML" time="0.002"/>
<testcase classname="Index" name="renders HTML" time="0.002"/>
<testcase classname="Index" name="renders HTML" time="0.002"/>
<testcase classname="Index" name="renders HTML" time="0.003"/>
<testcase classname="Index" name="renders HTML" time="0.003"/>
<testcase classname="Index" name="renders HTML" time="0.003"/>
<testcase classname="Index" name="renders HTML" time="0.01"/>
<testcase classname="Index" name="renders HTML" time="0.003"/>
<testcase classname="Index" name="renders HTML" time="0.004"/>
<testcase classname="Index" name="renders HTML" time="0.003"/>
<testcase classname="Index" name="renders HTML" time="0.004"/>
<testcase classname="Index" name="renders HTML" time="0.003"/>
<testcase classname="Index" name="renders HTML" time="0.008"/>
<testcase classname="Index" name="renders HTML" time="0.002"/>
<testcase classname="Index" name="renders HTML" time="0.002"/>
<testcase classname="Index" name="renders HTML" time="0.001"/>
<testcase classname="Index" name="renders HTML" time="0.002"/>
<testcase classname="Index" name="renders HTML" time="0.002"/>
<testcase classname="Index" name="renders HTML" time="0.002"/>
<testcase classname="Index" name="renders HTML" time="0.002"/>
<testcase classname="Index" name="renders HTML" time="0.003"/>
<testcase classname="Index" name="renders HTML" time="0.002"/>
<testcase classname="Index" name="renders HTML" time="0.003"/>
<testcase classname="Index" name="renders HTML" time="0.002"/>
<testcase classname="Index" name="renders HTML" time="0.003"/>
<testcase classname="Index" name="renders HTML" time="0.008"/>
<testcase classname="Index" name="renders HTML" time="0.002"/>
<testcase classname="Index" name="renders HTML" time="0.002"/>
<testcase classname="Index" name="renders HTML" time="0.003"/>
<testcase classname="Index" name="renders HTML" time="0.004"/>
<testcase classname="Index" name="renders HTML" time="0.005"/>
<testcase classname="Index" name="renders HTML" time="0.002"/>
<testcase classname="Index" name="renders HTML" time="0.002"/>
<testcase classname="Index" name="renders HTML" time="0.003"/>
<testcase classname="Index" name="renders HTML" time="0.002"/>
<testcase classname="Index" name="renders HTML" time="0.002"/>
<testcase classname="Index" name="renders HTML" time="0.002"/>
<testcase classname="Index" name="renders HTML" time="0.002"/>
<testcase classname="Index" name="renders HTML" time="0.008"/>
<testcase classname="Index" name="renders HTML" time="0.005"/>
<testcase classname="Index" name="renders HTML" time="0.002"/>
<testcase classname="Index" name="renders HTML" time="0.002"/>
<testcase classname="Index" name="renders HTML" time="0.003"/>
<testcase classname="Index" name="renders HTML" time="0.002"/>
<testcase classname="Index" name="renders HTML" time="0.002"/>
<testcase classname="Index" name="renders HTML" time="0.002"/>
<testcase classname="Index" name="renders HTML" time="0.002"/>
<testcase classname="Index" name="renders HTML" time="0.002"/>
<testcase classname="Index" name="renders HTML" time="0.002"/>
<testcase classname="Index" name="renders HTML" time="0.003"/>
<testcase classname="Index" name="renders HTML" time="0.003"/>
<testcase classname="Index" name="renders HTML" time="0.005"/>
<testcase classname="Index" name="renders HTML" time="0.003"/>
<testcase classname="Index" name="renders HTML" time="0.002"/>
<testcase classname="Index" name="renders HTML" time="0.002"/>
<testcase classname="Index" name="renders HTML" time="0.002"/>
<testcase classname="Index" name="renders HTML" time="0.002"/>
<testcase classname="Index" name="renders HTML" time="0.002"/>
<testcase classname="Index" name="renders HTML" time="0.003"/>
<testcase classname="Index" name="renders HTML" time="0.002"/>
<testcase classname="Index" name="renders HTML" time="0.003"/>
<testcase classname="Index" name="renders HTML" time="0.002"/>
<testcase classname="Index" name="renders HTML" time="0.002"/>
<testcase classname="Index" name="renders HTML" time="0.004"/>
<testcase classname="Index" name="renders HTML" time="0.007"/>
<testcase classname="Index" name="renders HTML" time="0.003"/>
<testcase classname="Index" name="renders HTML" time="0.002"/>
<testcase classname="Index" name="renders HTML" time="0.001"/>
<testcase classname="Index" name="renders HTML" time="0.005"/>
<testcase classname="Index" name="renders HTML" time="0.001"/>
<testcase classname="Index" name="renders HTML" time="0.002"/>
<testcase classname="Index" name="renders HTML" time="0.001"/>
<testcase classname="Index" name="renders HTML" time="0.002"/>
<testcase classname="Index" name="renders HTML" time="0.002"/>
<testcase classname="Index" name="renders HTML" time="0.002"/>
<testcase classname="Index" name="renders HTML" time="0.001"/>
<testcase classname="Index" name="renders HTML" time="0.001"/>
<testcase classname="Index" name="renders HTML" time="0.002"/>
<testcase classname="Index" name="renders HTML" time="0.002"/>
<testcase classname="Index" name="renders HTML" time="0.002"/>
<testcase classname="Index" name="renders HTML" time="0.001"/>
<testcase classname="Index" name="renders HTML" time="0.001"/>
<testcase classname="Index" name="renders HTML" time="0.002"/>
<testcase classname="Index" name="renders HTML" time="0.001"/>
<testcase classname="Index" name="renders HTML" time="0.002"/>
<testcase classname="Index" name="renders HTML" time="0.002"/>
<testcase classname="Index" name="renders HTML" time="0.004"/>
<testcase classname="Index" name="renders HTML" time="0.002"/>
<testcase classname="Index" name="renders HTML" time="0.002"/>
<testcase classname="Index" name="renders HTML" time="0.002"/>
<testcase classname="Index" name="renders HTML" time="0.002"/>
<testcase classname="Index" name="renders HTML" time="0.001"/>
<testcase classname="Index" name="renders HTML" time="0.002"/>
<testcase classname="Index" name="renders HTML" time="0.001"/>
<testcase classname="Index" name="renders HTML" time="0.001"/>
<testcase classname="Index" name="renders HTML" time="0.005"/>
<testcase classname="Index" name="renders HTML" time="0.002"/>
<testcase classname="Index" name="renders HTML" time="0.001"/>
<testcase classname="Index" name="renders HTML" time="0.001"/>
<testcase classname="Index" name="renders HTML" time="0.002"/>
<testcase classname="Index" name="renders HTML" time="0.001"/>
<testcase classname="Index" name="renders HTML" time="0.001"/>
<testcase classname="Index" name="renders HTML" time="0.009"/>
<testcase classname="Index" name="renders HTML" time="0.001"/>
<testcase classname="Index" name="renders HTML" time="0.002"/>
<testcase classname="Index" name="renders HTML" time="0.001"/>
<testcase classname="Index" name="renders HTML" time="0.001"/>
<testcase classname="Index" name="renders HTML" time="0.002"/>
<testcase classname="Index" name="renders HTML" time="0.002"/>
<testcase classname="Index" name="renders HTML" time="0.001"/>
<testcase classname="Index" name="renders HTML" time="0.001"/>
<testcase classname="Index" name="renders HTML" time="0.002"/>
<testcase classname="Index" name="renders HTML" time="0.003"/>
<testcase classname="Index" name="renders HTML" time="0.001"/>
<testcase classname="Index" name="renders HTML" time="0.001"/>
<testcase classname="Index" name="renders HTML" time="0.003"/>
<testcase classname="Index" name="renders HTML" time="0.002"/>
<testcase classname="Index" name="renders HTML" time="0.001"/>
<testcase classname="Index" name="renders HTML" time="0.001"/>
<testcase classname="Index" name="renders HTML" time="0.002"/>
<testcase classname="Index" name="renders HTML" time="0.002"/>
<testcase classname="Index" name="renders HTML" time="0.001"/>
<testcase classname="Index" name="renders HTML" time="0.002"/>
<testcase classname="Index" name="renders HTML" time="0.002"/>
<testcase classname="Index" name="renders HTML" time="0.002"/>
<testcase classname="Index" name="renders HTML" time="0.002"/>
<testcase classname="Index" name="renders HTML" time="0.002"/>
<testcase classname="Index" name="renders HTML" time="0.002"/>
<testcase classname="Index" name="renders HTML" time="0.001"/>
<testcase classname="Index" name="renders HTML" time="0.001"/>
<testcase classname="Index" name="renders HTML" time="0.002"/>
<testcase classname="Index" name="renders HTML" time="0.002"/>
<testcase classname="Index" name="renders HTML" time="0.001"/>
<testcase classname="Index" name="renders HTML" time="0.001"/>
<testcase classname="Index" name="renders HTML" time="0.002"/>
<testcase classname="Index" name="renders HTML" time="0.002"/>
<testcase classname="Index" name="renders HTML" time="0.002"/>
<testcase classname="Index" name="renders HTML" time="0.001"/>
<testcase classname="Index" name="renders HTML" time="0.001"/>
<testcase classname="Index" name="renders HTML" time="0.002"/>
<testcase classname="Index" name="renders HTML" time="0.001"/>
<testcase classname="Index" name="renders HTML" time="0.001"/>
<testcase classname="Index" name="renders HTML" time="0.001"/>
<testcase classname="Index" name="renders HTML" time="0.002"/>
<testcase classname="Index" name="renders HTML" time="0.002"/>
<testcase classname="Index" name="renders HTML" time="0.001"/>
<testcase classname="Index" name="renders HTML" time="0.002"/>
<testcase classname="Index" name="renders HTML" time="0.002"/>
<testcase classname="Index" name="renders HTML" time="0.002"/>
<testcase classname="Index" name="renders HTML" time="0.001"/>
<testcase classname="Index" name="renders HTML" time="0.001"/>
<testcase classname="Index" name="renders HTML" time="0.002"/>
<testcase classname="Index" name="renders HTML" time="0.001"/>
<testcase classname="Index" name="renders HTML" time="0.006"/>
<testcase classname="Index" name="renders HTML" time="0.002"/>
<testcase classname="Index" name="renders HTML" time="0.002"/>
<testcase classname="Index" name="renders HTML" time="0.001"/>
<testcase classname="Index" name="renders HTML" time="0.001"/>
<testcase classname="Index" name="renders HTML" time="0.001"/>
<testcase classname="Index" name="renders HTML" time="0.002"/>
<testcase classname="Index" name="renders HTML" time="0.002"/>
<testcase classname="Index" name="renders HTML" time="0.002"/>
<testcase classname="Index" name="renders HTML" time="0.002"/>
<testcase classname="Index" name="renders HTML" time="0.001"/>
<testcase classname="Index" name="renders HTML" time="0.001"/>
<testcase classname="Index" name="renders HTML" time="0.002"/>
<testcase classname="Index" name="renders HTML" time="0.002"/>
<testcase classname="Index" name="renders HTML" time="0.001"/>
<testcase classname="Index" name="renders HTML" time="0.002"/>
<testcase classname="Index" name="renders HTML" time="0.001"/>
<testcase classname="Index" name="renders HTML" time="0.001"/>
<testcase classname="Index" name="renders HTML" time="0.002"/>
<testcase classname="Index" name="renders HTML" time="0.002"/>
<testcase classname="Index" name="renders HTML" time="0.001"/>
<testcase classname="Index" name="renders HTML" time="0.001"/>
<testcase classname="Index" name="renders HTML" time="0.003"/>
<testcase classname="Index" name="renders HTML" time="0.002"/>
<testcase classname="Index" name="renders HTML" time="0.002"/>
<testcase classname="Index" name="renders HTML" time="0.002"/>
<testcase classname="Index" name="renders HTML" time="0.001"/>
<testcase classname="Index" name="renders HTML" time="0.001"/>
<testcase classname="Index" name="renders HTML" time="0.002"/>
<testcase classname="Index" name="renders HTML" time="0.002"/>
<testcase classname="Index" name="renders HTML" time="0.001"/>
<testcase classname="Index" name="renders HTML" time="0.001"/>
<testcase classname="Index" name="renders HTML" time="0.002"/>
<testcase classname="Index" name="renders HTML" time="0.002"/>
<testcase classname="Index" name="renders HTML" time="0.001"/>
<testcase classname="Index" name="renders HTML" time="0.001"/>
<testcase classname="Index" name="renders HTML" time="0.001"/>
<testcase classname="Index" name="renders HTML" time="0.002"/>
<testcase classname="Index" name="renders HTML" time="0.002"/>
<testcase classname="Index" name="renders HTML" time="0.002"/>
<testcase classname="Index" name="renders HTML" time="0.003"/>
<testcase classname="Index" name="renders HTML" time="0.002"/>
<testcase classname="Index" name="renders HTML" time="0.002"/>
<testcase classname="Index" name="renders HTML" time="0.002"/>
<testcase classname="Index" name="renders HTML" time="0.002"/>
<testcase classname="Index" name="renders HTML" time="0.001"/>
<testcase classname="Index" name="renders HTML" time="0.001"/>
<testcase classname="Index" name="renders HTML" time="0.002"/>
<testcase classname="Index" name="renders HTML" time="0.002"/>
<testcase classname="Index" name="renders HTML" time="0.001"/>
<testcase classname="Index" name="renders HTML" time="0.001"/>
<testcase classname="Index" name="renders HTML" time="0.001"/>
<testcase classname="Index" name="renders HTML" time="0.002"/>
<testcase classname="Index" name="renders HTML" time="0.002"/>
<testcase classname="Index" name="renders HTML" time="0.001"/>
<testcase classname="Index" name="renders HTML" time="0.001"/>
<testcase classname="Index" name="renders HTML" time="0.001"/>
<testcase classname="Index" name="renders HTML" time="0.002"/>
<testcase classname="Index" name="renders HTML" time="0.002"/>
<testcase classname="Index" name="renders HTML" time="0.001"/>
<testcase classname="Index" name="renders HTML" time="0.001"/>
<testcase classname="Index" name="renders HTML" time="0.001"/>
<testcase classname="Index" name="renders HTML" time="0.002"/>
<testcase classname="Index" name="renders HTML" time="0.002"/>
<testcase classname="Index" name="renders HTML" time="0.001"/>
<testcase classname="Index" name="renders HTML" time="0.001"/>
<testcase classname="Index" name="renders HTML" time="0.001"/>
<testcase classname="Index" name="renders HTML" time="0.002"/>
<testcase classname="Index" name="renders HTML" time="0.002"/>
<testcase classname="Index" name="renders HTML" time="0.002"/>
<testcase classname="Index" name="renders HTML" time="0.002"/>
<testcase classname="Index" name="renders HTML" time="0.001"/>
<testcase classname="Index" name="renders HTML" time="0.002"/>
<testcase classname="Index" name="renders HTML" time="0.002"/>
<testcase classname="Index" name="renders HTML" time="0.001"/>
<testcase classname="Index" name="renders HTML" time="0.001"/>
<testcase classname="Index" name="renders HTML" time="0.002"/>
<testcase classname="Index" name="renders HTML" time="0.002"/>
<testcase classname="Index" name="renders HTML" time="0.002"/>
<testcase classname="Index" name="renders HTML" time="0.002"/>
<testcase classname="Index" name="renders HTML" time="0.002"/>
<testcase classname="Index" name="renders HTML" time="0.002"/>
<testcase classname="Index" name="renders HTML" time="0.001"/>
<testcase classname="Index" name="renders HTML" time="0.001"/>
<testcase classname="Index" name="renders HTML" time="0.002"/>
<testcase classname="Index" name="renders HTML" time="0.002"/>
<testcase classname="Index" name="renders HTML" time="0.002"/>
<testcase classname="Index" name="renders HTML" time="0.002"/>
<testcase classname="Index" name="renders HTML" time="0.001"/>
<testcase classname="Index" name="renders HTML" time="0.001"/>
<testcase classname="Index" name="renders HTML" time="0.002"/>
<testcase classname="Index" name="renders HTML" time="0.002"/>
<testcase classname="Index" name="renders HTML" time="0.002"/>
<testcase classname="Index" name="renders HTML" time="0.002"/>
<testcase classname="Index" name="renders HTML" time="0.002"/>
<testcase classname="Index" name="renders HTML" time="0.002"/>
<testcase classname="Index" name="renders HTML" time="0.002"/>
<testcase classname="Index" name="renders HTML" time="0.002"/>
<testcase classname="Index" name="renders HTML" time="0.001"/>
<testcase classname="Index" name="renders HTML" time="0.001"/>
<testcase classname="Index" name="renders HTML" time="0.002"/>
<testcase classname="Index" name="renders HTML" time="0.002"/>
<testcase classname="Index" name="renders HTML" time="0.001"/>
<testcase classname="Index" name="renders HTML" time="0.001"/>
<testcase classname="Index" name="renders HTML" time="0.001"/>
<testcase classname="Index" name="renders HTML" time="0.002"/>
<testcase classname="Index" name="renders HTML" time="0.002"/>
<testcase classname="Index" name="renders HTML" time="0.002"/>
<testcase classname="Index" name="renders HTML" time="0.001"/>
<testcase classname="Index" name="renders HTML" time="0.001"/>
<testcase classname="Index" name="renders HTML" time="0.002"/>
<testcase classname="Index" name="renders HTML" time="0.002"/>
<testcase classname="Index" name="renders HTML" time="0.001"/>
<testcase classname="Index" name="renders HTML" time="0.001"/>
<testcase classname="Index" name="renders HTML" time="0.001"/>
<testcase classname="Index" name="renders HTML" time="0.002"/>
<testcase classname="Index" name="renders HTML" time="0.002"/>
<testcase classname="Index" name="renders HTML" time="0.001"/>
<testcase classname="Index" name="renders HTML" time="0.001"/>
<testcase classname="Index" name="renders HTML" time="0.001"/>
<testcase classname="Index" name="renders HTML" time="0.002"/>
<testcase classname="Index" name="renders HTML" time="0.002"/>
<testcase classname="Index" name="renders HTML" time="0.001"/>
<testcase classname="Index" name="renders HTML" time="0.001"/>
<testcase classname="Index" name="renders HTML" time="0.001"/>
<testcase classname="Index" name="renders HTML" time="0.002"/>
<testcase classname="Index" name="renders HTML" time="0.001"/>
<testcase classname="Index" name="renders HTML" time="0.001"/>
<testcase classname="Index" name="renders HTML" time="0.002"/>
<testcase classname="Index" name="renders HTML" time="0.002"/>
<testcase classname="Index" name="renders HTML" time="0.002"/>
<testcase classname="Index" name="renders HTML" time="0.002"/>
<testcase classname="Index" name="renders HTML" time="0.001"/>
<testcase classname="Index" name="renders HTML" time="0.001"/>
<testcase classname="Index" name="renders HTML" time="0.002"/>
<testcase classname="Index" name="renders HTML" time="0.002"/>
<testcase classname="Index" name="renders HTML" time="0.001"/>
<testcase classname="Index" name="renders HTML" time="0.001"/>
<testcase classname="Index" name="renders HTML" time="0.002"/>
<testcase classname="Index" name="renders HTML" time="0.002"/>
<testcase classname="Index" name="renders HTML" time="0.002"/>
<testcase classname="Index" name="renders HTML" time="0.001"/>
<testcase classname="Index" name="renders HTML" time="0.001"/>
<testcase classname="Index" name="renders HTML" time="0.001"/>
<testcase classname="Index" name="renders HTML" time="0.002"/>
<testcase classname="Index" name="renders HTML" time="0.002"/>
<testcase classname="Index" name="renders HTML" time="0.002"/>
<testcase classname="Index" name="renders HTML" time="0.002"/>
<testcase classname="Index" name="renders HTML" time="0.002"/>
<testcase classname="Index" name="renders HTML" time="0.002"/>
<testcase classname="Index" name="renders HTML" time="0.002"/>
<testcase classname="Index" name="renders HTML" time="0.002"/>
<testcase classname="Index" name="renders HTML" time="0.002"/>
<testcase classname="Index" name="renders HTML" time="0.001"/>
<testcase classname="Index" name="renders HTML" time="0.003"/>
<testcase classname="Index" name="renders HTML" time="0.002"/>
<testcase classname="Index" name="renders HTML" time="0.002"/>
<testcase classname="Index" name="renders HTML" time="0.001"/>
<testcase classname="Index" name="renders HTML" time="0.001"/>
<testcase classname="Index" name="renders HTML" time="0.002"/>
<testcase classname="Index" name="renders HTML" time="0.002"/>
<testcase classname="Index" name="renders HTML" time="0.002"/>
<testcase classname="Index" name="renders HTML" time="0.001"/>
<testcase classname="Index" name="renders HTML" time="0.001"/>
<testcase classname="Index" name="renders HTML" time="0.002"/>
<testcase classname="Index" name="renders HTML" time="0.002"/>
<testcase classname="Index" name="renders HTML" time="0.002"/>
<testcase classname="Index" name="renders HTML" time="0.001"/>
<testcase classname="Index" name="renders HTML" time="0.001"/>
<testcase classname="Index" name="renders HTML" time="0.002"/>
<testcase classname="Index" name="renders HTML" time="0.002"/>
<testcase classname="Index" name="renders HTML" time="0.002"/>
<testcase classname="Index" name="renders HTML" time="0.002"/>
<testcase classname="Index" name="renders HTML" time="0.003"/>
<testcase classname="Index" name="renders HTML" time="0.002"/>
<testcase classname="Index" name="renders HTML" time="0.002"/>
<testcase classname="Index" name="renders HTML" time="0.002"/>
<testcase classname="Index" name="renders HTML" time="0.001"/>
<testcase classname="Index" name="renders HTML" time="0.001"/>
<testcase classname="Index" name="renders HTML" time="0.002"/>
<testcase classname="Index" name="renders HTML" time="0.003"/>
<testcase classname="Index" name="renders HTML" time="0.001"/>
<testcase classname="Index" name="renders HTML" time="0.001"/>
<testcase classname="Index" name="renders HTML" time="0.002"/>
<testcase classname="Index" name="renders HTML" time="0.002"/>
<testcase classname="Index" name="renders HTML" time="0.002"/>
<testcase classname="Index" name="renders HTML" time="0.001"/>
<testcase classname="Index" name="renders HTML" time="0.002"/>
<testcase classname="Index" name="renders HTML" time="0.001"/>
<testcase classname="Index" name="renders HTML" time="0.002"/>
<testcase classname="Index" name="renders HTML" time="0.002"/>
<testcase classname="Index" name="renders HTML" time="0.002"/>
<testcase classname="Index" name="renders HTML" time="0.001"/>
<testcase classname="Index" name="renders HTML" time="0.001"/>
<testcase classname="Index" name="renders HTML" time="0.001"/>
<testcase classname="Index" name="renders HTML" time="0.002"/>
<testcase classname="Index" name="renders HTML" time="0.002"/>
<testcase classname="Index" name="renders HTML" time="0.003"/>
<testcase classname="Index" name="renders HTML" time="0.001"/>
<testcase classname="Index" name="renders HTML" time="0.001"/>
<testcase classname="Index" name="renders HTML" time="0.001"/>
<testcase classname="Index" name="renders HTML" time="0.002"/>
<testcase classname="Index" name="renders HTML" time="0.002"/>
<testcase classname="Index" name="renders HTML" time="0.001"/>
<testcase classname="Index" name="renders HTML" time="0.002"/>
<testcase classname="Index" name="renders HTML" time="0.002"/>
<testcase classname="Index" name="renders HTML" time="0.002"/>
<testcase classname="Index" name="renders HTML" time="0.001"/>
<testcase classname="Index" name="renders HTML" time="0.002"/>
<testcase classname="Index" name="renders HTML" time="0.002"/>
<testcase classname="Index" name="renders HTML" time="0.001"/>
<testcase classname="Index" name="renders HTML" time="0.002"/>
<testcase classname="Index" name="renders HTML" time="0.001"/>
<testcase classname="Index" name="renders HTML" time="0.001"/>
<testcase classname="Index" name="renders HTML" time="0.002"/>
<testcase classname="Index" name="renders HTML" time="0.001"/>
<testcase classname="Index" name="renders HTML" time="0.002"/>
<testcase classname="Index" name="renders HTML" time="0.005"/>
<testcase classname="Index" name="renders HTML" time="0.006"/>
<testcase classname="Index" name="renders HTML" time="0.003"/>
<testcase classname="Index" name="renders HTML" time="0.004"/>
<testcase classname="Index" name="renders HTML" time="0.004"/>
<testcase classname="Index" name="renders HTML" time="0.003"/>
<testcase classname="Index" name="renders HTML" time="0.003"/>
<testcase classname="Index" name="renders HTML" time="0.003"/>
<testcase classname="Index" name="renders HTML" time="0.002"/>
<testcase classname="Index" name="renders HTML" time="0.002"/>
<testcase classname="Index" name="renders HTML" time="0.003"/>
<testcase classname="Index" name="renders HTML" time="0.003"/>
<testcase classname="Index" name="renders HTML" time="0.002"/>
<testcase classname="Index" name="renders HTML" time="0.002"/>
<testcase classname="Index" name="renders HTML" time="0.002"/>
<testcase classname="Index" name="renders HTML" time="0.003"/>
<testcase classname="Index" name="renders HTML" time="0.005"/>
<testcase classname="Index" name="renders HTML" time="0.003"/>
<testcase classname="Index" name="renders HTML" time="0.003"/>
<testcase classname="Index" name="renders HTML" time="0.002"/>
<testcase classname="Index" name="renders HTML" time="0.005"/>
<testcase classname="Index" name="renders HTML" time="0.002"/>
<testcase classname="Index" name="renders HTML" time="0.002"/>
<testcase classname="Index" name="renders HTML" time="0.002"/>
<testcase classname="Index" name="renders HTML" time="0.002"/>
<testcase classname="Index" name="renders HTML" time="0.004"/>
<testcase classname="Index" name="renders HTML" time="0.002"/>
<testcase classname="Index" name="renders HTML" time="0.001"/>
<testcase classname="Index" name="renders HTML" time="0.002"/>
<testcase classname="Index" name="renders HTML" time="0.002"/>
<testcase classname="Index" name="renders HTML" time="0.002"/>
<testcase classname="Index" name="renders HTML" time="0.003"/>
<testcase classname="Index" name="renders HTML" time="0.008"/>
<testcase classname="Index" name="renders HTML" time="0.012"/>
<testcase classname="Index" name="renders HTML" time="0.022"/>
<testcase classname="Index" name="renders HTML" time="0.003"/>
<testcase classname="Index" name="renders HTML" time="0.002"/>
<testcase classname="Index" name="renders HTML" time="0.002"/>
<testcase classname="Index" name="renders HTML" time="0.002"/>
<testcase classname="Index" name="renders HTML" time="0.002"/>
<testcase classname="Index" name="renders HTML" time="0.005"/>
<testcase classname="Index" name="renders HTML" time="0.002"/>
<testcase classname="Index" name="renders HTML" time="0.002"/>
<testcase classname="Index" name="renders HTML" time="0.001"/>
<testcase classname="Index" name="renders HTML" time="0.002"/>
<testcase classname="Index" name="renders HTML" time="0.009"/>
<testcase classname="Index" name="renders HTML" time="0.002"/>
<testcase classname="Index" name="renders HTML" time="0.001"/>
<testcase classname="Index" name="renders HTML" time="0.003"/>
<testcase classname="Index" name="renders HTML" time="0.002"/>
<testcase classname="Index" name="renders HTML" time="0.002"/>
<testcase classname="Index" name="renders HTML" time="0.002"/>
<testcase classname="Index" name="renders HTML" time="0.005"/>
<testcase classname="Index" name="renders HTML" time="0.002"/>
<testcase classname="Index" name="renders HTML" time="0.002"/>
<testcase classname="Index" name="renders HTML" time="0.001"/>
<testcase classname="Index" name="renders HTML" time="0.006"/>
<testcase classname="Index" name="renders HTML" time="0.006"/>
<testcase classname="Index" name="renders HTML" time="0.001"/>
<testcase classname="Index" name="renders HTML" time="0.002"/>
<testcase classname="Index" name="renders HTML" time="0.002"/>
<testcase classname="Index" name="renders HTML" time="0.001"/>
<testcase classname="Index" name="renders HTML" time="0.001"/>
<testcase classname="Index" name="renders HTML" time="0.002"/>
<testcase classname="Index" name="renders HTML" time="0.004"/>
<testcase classname="Index" name="renders HTML" time="0.007"/>
<testcase classname="Index" name="renders HTML" time="0.003"/>
<testcase classname="Index" name="renders HTML" time="0.007"/>
<testcase classname="Index" name="renders HTML" time="0.002"/>
<testcase classname="Index" name="renders HTML" time="0.002"/>
<testcase classname="Index" name="renders HTML" time="0.001"/>
<testcase classname="Index" name="renders HTML" time="0.001"/>
<testcase classname="Index" name="renders HTML" time="0.002"/>
<testcase classname="Index" name="renders HTML" time="0.002"/>
<testcase classname="Index" name="renders HTML" time="0.001"/>
<testcase classname="Index" name="renders HTML" time="0.002"/>
<testcase classname="Index" name="renders HTML" time="0.007"/>
<testcase classname="Index" name="renders HTML" time="0.002"/>
<testcase classname="Index" name="renders HTML" time="0.001"/>
<testcase classname="Index" name="renders HTML" time="0.002"/>
<testcase classname="Index" name="renders HTML" time="0.002"/>
<testcase classname="Index" name="renders HTML" time="0.001"/>
<testcase classname="Index" name="renders HTML" time="0.002"/>
<testcase classname="Index" name="renders HTML" time="0.002"/>
<testcase classname="Index" name="renders HTML" time="0.002"/>
<testcase classname="Index" name="renders HTML" time="0.002"/>
<testcase classname="Index" name="renders HTML" time="0.002"/>
<testcase classname="Index" name="renders HTML" time="0.002"/>
<testcase classname="Index" name="renders HTML" time="0.011"/>
<testcase classname="Index" name="renders HTML" time="0.005"/>
<testcase classname="Index" name="renders HTML" time="0.003"/>
<testcase classname="Index" name="renders HTML" time="0.002"/>
<testcase classname="Index" name="renders HTML" time="0.002"/>
<testcase classname="Index" name="renders HTML" time="0.002"/>
<testcase classname="Index" name="renders HTML" time="0.001"/>
<testcase classname="Index" name="renders HTML" time="0.001"/>
<testcase classname="Index" name="renders HTML" time="0.01"/>
<testcase classname="Index" name="renders HTML" time="0.004"/>
<testcase classname="Index" name="renders HTML" time="0.001"/>
<testcase classname="Index" name="renders HTML" time="0.002"/>
<testcase classname="Index" name="renders HTML" time="0.002"/>
<testcase classname="Index" name="renders HTML" time="0.001"/>
<testcase classname="Index" name="renders HTML" time="0.001"/>
<testcase classname="Index" name="renders HTML" time="0.002"/>
<testcase classname="Index" name="renders HTML" time="0.002"/>
<testcase classname="Index" name="renders HTML" time="0.002"/>
<testcase classname="Index" name="renders HTML" time="0.006"/>
<testcase classname="Index" name="renders HTML" time="0.003"/>
<testcase classname="Index" name="renders HTML" time="0.001"/>
<testcase classname="Index" name="renders HTML" time="0.002"/>
<testcase classname="Index" name="renders HTML" time="0.002"/>
<testcase classname="Index" name="renders HTML" time="0.005"/>
<testcase classname="Index" name="renders HTML" time="0.002"/>
<testcase classname="Index" name="renders HTML" time="0.001"/>
<testcase classname="Index" name="renders HTML" time="0.001"/>
<testcase classname="Index" name="renders HTML" time="0.002"/>
<testcase classname="Index" name="renders HTML" time="0.002"/>
<testcase classname="Index" name="renders HTML" time="0.002"/>
<testcase classname="Index" name="renders HTML" time="0.003"/>
<testcase classname="Index" name="renders HTML" time="0.001"/>
<testcase classname="Index" name="renders HTML" time="0.001"/>
<testcase classname="Index" name="renders HTML" time="0.002"/>
<testcase classname="Index" name="renders HTML" time="0.003"/>
<testcase classname="Index" name="renders HTML" time="0.008"/>
<testcase classname="Index" name="renders HTML" time="0.002"/>
<testcase classname="Index" name="renders HTML" time="0.002"/>
<testcase classname="Index" name="renders HTML" time="0.009"/>
<testcase classname="Index" name="renders HTML" time="0.001"/>
<testcase classname="Index" name="renders HTML" time="0.001"/>
<testcase classname="Index" name="renders HTML" time="0.002"/>
<testcase classname="Index" name="renders HTML" time="0.001"/>
<testcase classname="Index" name="renders HTML" time="0.003"/>
<testcase classname="Index" name="renders HTML" time="0.001"/>
<testcase classname="Index" name="renders HTML" time="0.002"/>
<testcase classname="Index" name="renders HTML" time="0.004"/>
<testcase classname="Index" name="renders HTML" time="0.002"/>
<testcase classname="Index" name="renders HTML" time="0.001"/>
<testcase classname="Index" name="renders HTML" time="0.001"/>
<testcase classname="Index" name="renders HTML" time="0.006"/>
<testcase classname="Index" name="renders HTML" time="0.002"/>
<testcase classname="Index" name="renders HTML" time="0.002"/>
<testcase classname="Index" name="renders HTML" time="0.002"/>
<testcase classname="Index" name="renders HTML" time="0.002"/>
<testcase classname="Index" name="renders HTML" time="0.002"/>
<testcase classname="Index" name="renders HTML" time="0.002"/>
<testcase classname="Index" name="renders HTML" time="0.001"/>
<testcase classname="Index" name="renders HTML" time="0.001"/>
<testcase classname="Index" name="renders HTML" time="0.002"/>
<testcase classname="Index" name="renders HTML" time="0.003"/>
<testcase classname="Index" name="renders HTML" time="0.003"/>
<testcase classname="Index" name="renders HTML" time="0.003"/>
<testcase classname="Index" name="renders HTML" time="0.003"/>
<testcase classname="Index" name="renders HTML" time="0.003"/>
<testcase classname="Index" name="renders HTML" time="0.003"/>
<testcase classname="Index" name="renders HTML" time="0.001"/>
<testcase classname="Index" name="renders HTML" time="0.002"/>
<testcase classname="Index" name="renders HTML" time="0.002"/>
<testcase classname="Index" name="renders HTML" time="0.002"/>
<testcase classname="Index" name="renders HTML" time="0.001"/>
<testcase classname="Index" name="renders HTML" time="0.002"/>
<testcase classname="Index" name="renders HTML" time="0.002"/>
<testcase classname="Index" name="renders HTML" time="0.001"/>
<testcase classname="Index" name="renders HTML" time="0.003"/>
<testcase classname="Index" name="renders HTML" time="0.001"/>
<testcase classname="Index" name="renders HTML" time="0.001"/>
<testcase classname="Index" name="renders HTML" time="0.001"/>
<testcase classname="Index" name="renders HTML" time="0.002"/>
<testcase classname="Index" name="renders HTML" time="0.006"/>
<testcase classname="Index" name="renders HTML" time="0.002"/>
<testcase classname="Index" name="renders HTML" time="0.001"/>
<testcase classname="Index" name="renders HTML" time="0.001"/>
<testcase classname="Index" name="renders HTML" time="0.003"/>
<testcase classname="Index" name="renders HTML" time="0.002"/>
<testcase classname="Index" name="renders HTML" time="0.002"/>
<testcase classname="Index" name="renders HTML" time="0.002"/>
<testcase classname="Index" name="renders HTML" time="0.002"/>
<testcase classname="Index" name="renders HTML" time="0.001"/>
<testcase classname="Index" name="renders HTML" time="0.002"/>
<testcase classname="Index" name="renders HTML" time="0.002"/>
<testcase classname="Index" name="renders HTML" time="0.002"/>
<testcase classname="Index" name="renders HTML" time="0.002"/>
<testcase classname="Index" name="renders HTML" time="0.005"/>
<testcase classname="Index" name="renders HTML" time="0.001"/>
<testcase classname="Index" name="renders HTML" time="0.002"/>
<testcase classname="Index" name="renders HTML" time="0.002"/>
<testcase classname="Index" name="renders HTML" time="0.002"/>
<testcase classname="Index" name="renders HTML" time="0.002"/>
<testcase classname="Index" name="renders HTML" time="0.002"/>
<testcase classname="Index" name="renders HTML" time="0.002"/>
<testcase classname="Index" name="renders HTML" time="0.002"/>
<testcase classname="Index" name="renders HTML" time="0.002"/>
<testcase classname="Index" name="renders HTML" time="0.002"/>
<testcase classname="Index" name="renders HTML" time="0.002"/>
<testcase classname="Index" name="renders HTML" time="0.014"/>
<testcase classname="Index" name="renders HTML" time="0.002"/>
<testcase classname="Index" name="renders HTML" time="0.01"/>
<testcase classname="Index" name="renders HTML" time="0.003"/>
<testcase classname="Index" name="renders HTML" time="0.002"/>
<testcase classname="Index" name="renders HTML" time="0.001"/>
<testcase classname="Index" name="renders HTML" time="0.002"/>
<testcase classname="Index" name="renders HTML" time="0.008"/>
<testcase classname="Index" name="renders HTML" time="0.002"/>
<testcase classname="Index" name="renders HTML" time="0.002"/>
<testcase classname="Index" name="renders HTML" time="0.006"/>
<testcase classname="Index" name="renders HTML" time="0.002"/>
<testcase classname="Index" name="renders HTML" time="0.002"/>
<testcase classname="Index" name="renders HTML" time="0.001"/>
<testcase classname="Index" name="renders HTML" time="0.001"/>
<testcase classname="Index" name="renders HTML" time="0.001"/>
<testcase classname="Index" name="renders HTML" time="0.002"/>
<testcase classname="Index" name="renders HTML" time="0.002"/>
<testcase classname="Index" name="renders HTML" time="0.002"/>
<testcase classname="Index" name="renders HTML" time="0.002"/>
<testcase classname="Index" name="renders HTML" time="0.004"/>
<testcase classname="Index" name="renders HTML" time="0.001"/>
<testcase classname="Index" name="renders HTML" time="0.003"/>
<testcase classname="Index" name="renders HTML" time="0.005"/>
<testcase classname="Index" name="renders HTML" time="0.002"/>
<testcase classname="Index" name="renders HTML" time="0.002"/>
<testcase classname="Index" name="renders HTML" time="0.002"/>
<testcase classname="Index" name="renders HTML" time="0.001"/>
<testcase classname="Index" name="renders HTML" time="0.001"/>
<testcase classname="Index" name="renders HTML" time="0.001"/>
<testcase classname="Index" name="renders HTML" time="0.002"/>
<testcase classname="Index" name="renders HTML" time="0.002"/>
<testcase classname="Index" name="renders HTML" time="0.002"/>
<testcase classname="Index" name="renders HTML" time="0.005"/>
<testcase classname="Index" name="renders HTML" time="0.003"/>
<testcase classname="Index" name="renders HTML" time="0.001"/>
<testcase classname="Index" name="renders HTML" time="0.003"/>
<testcase classname="Index" name="renders HTML" time="0.002"/>
<testcase classname="Index" name="renders HTML" time="0.006"/>
<testcase classname="Index" name="renders HTML" time="0.001"/>
<testcase classname="Index" name="renders HTML" time="0.001"/>
<testcase classname="Index" name="renders HTML" time="0.002"/>
<testcase classname="Index" name="renders HTML" time="0.002"/>
<testcase classname="Index" name="renders HTML" time="0.002"/>
<testcase classname="Index" name="renders HTML" time="0.002"/>
<testcase classname="Index" name="renders HTML" time="0.002"/>
<testcase classname="Index" name="renders HTML" time="0.002"/>
<testcase classname="Index" name="renders HTML" time="0.005"/>
<testcase classname="Index" name="renders HTML" time="0.002"/>
<testcase classname="Index" name="renders HTML" time="0.003"/>
<testcase classname="Index" name="renders HTML" time="0.002"/>
<testcase classname="Index" name="renders HTML" time="0.004"/>
<testcase classname="Index" name="renders HTML" time="0.006"/>
<testcase classname="Index" name="renders HTML" time="0.002"/>
<testcase classname="Index" name="renders HTML" time="0.002"/>
<testcase classname="Index" name="renders HTML" time="0.001"/>
<testcase classname="Index" name="renders HTML" time="0.004"/>
<testcase classname="Index" name="renders HTML" time="0.002"/>
<testcase classname="Index" name="renders HTML" time="0.001"/>
<testcase classname="Index" name="renders HTML" time="0.001"/>
<testcase classname="Index" name="renders HTML" time="0.005"/>
<testcase classname="Index" name="renders HTML" time="0.002"/>
<testcase classname="Index" name="renders HTML" time="0.004"/>
<testcase classname="Index" name="renders HTML" time="0.002"/>
<testcase classname="Index" name="renders HTML" time="0.001"/>
<testcase classname="Index" name="renders HTML" time="0.002"/>
<testcase classname="Index" name="renders HTML" time="0.002"/>
<testcase classname="Index" name="renders HTML" time="0.004"/>
<testcase classname="Index" name="renders HTML" time="0.002"/>
<testcase classname="Index" name="renders HTML" time="0.002"/>
<testcase classname="Index" name="renders HTML" time="0.001"/>
<testcase classname="Index" name="renders HTML" time="0.001"/>
<testcase classname="Index" name="renders HTML" time="0.002"/>
<testcase classname="Index" name="renders HTML" time="0.002"/>
<testcase classname="Index" name="renders HTML" time="0.001"/>
<testcase classname="Index" name="renders HTML" time="0.001"/>
<testcase classname="Index" name="renders HTML" time="0.007"/>
<testcase classname="Index" name="renders HTML" time="0.002"/>
<testcase classname="Index" name="renders HTML" time="0.002"/>
<testcase classname="Index" name="renders HTML" time="0.002"/>
<testcase classname="Index" name="renders HTML" time="0.004"/>
<testcase classname="Index" name="renders HTML" time="0.005"/>
<testcase classname="Index" name="renders HTML" time="0.001"/>
<testcase classname="Index" name="renders HTML" time="0.002"/>
<testcase classname="Index" name="renders HTML" time="0.002"/>
<testcase classname="Index" name="renders HTML" time="0.002"/>
<testcase classname="Index" name="renders HTML" time="0.002"/>
<testcase classname="Index" name="renders HTML" time="0.002"/>
<testcase classname="Index" name="renders HTML" time="0.001"/>
<testcase classname="Index" name="renders HTML" time="0.001"/>
<testcase classname="Index" name="renders HTML" time="0.001"/>
<testcase classname="Index" name="renders HTML" time="0.002"/>
<testcase classname="Index" name="renders HTML" time="0.004"/>
<testcase classname="Index" name="renders HTML" time="0.001"/>
<testcase classname="Index" name="renders HTML" time="0.002"/>
<testcase classname="Index" name="renders HTML" time="0.003"/>
<testcase classname="Index" name="renders HTML" time="0.003"/>
<testcase classname="Index" name="renders HTML" time="0.002"/>
<testcase classname="Index" name="renders HTML" time="0.001"/>
<testcase classname="Index" name="renders HTML" time="0.003"/>
<testcase classname="Index" name="renders HTML" time="0.002"/>
<testcase classname="Index" name="renders HTML" time="0.002"/>
<testcase classname="Index" name="renders HTML" time="0.004"/>
<testcase classname="Index" name="renders HTML" time="0.003"/>
<testcase classname="Index" name="renders HTML" time="0.001"/>
<testcase classname="Index" name="renders HTML" time="0.001"/>
<testcase classname="Index" name="renders HTML" time="0.002"/>
<testcase classname="Index" name="renders HTML" time="0.004"/>
<testcase classname="Index" name="renders HTML" time="0.003"/>
<testcase classname="Index" name="renders HTML" time="0.002"/>
<testcase classname="Index" name="renders HTML" time="0.002"/>
<testcase classname="Index" name="renders HTML" time="0.002"/>
<testcase classname="Index" name="renders HTML" time="0.003"/>
<testcase classname="Index" name="renders HTML" time="0.001"/>
<testcase classname="Index" name="renders HTML" time="0.001"/>
<testcase classname="Index" name="renders HTML" time="0.002"/>
<testcase classname="Index" name="renders HTML" time="0.003"/>
<testcase classname="Index" name="renders HTML" time="0.002"/>
<testcase classname="Index" name="renders HTML" time="0.002"/>
<testcase classname="Index" name="renders HTML" time="0.002"/>
<testcase classname="Index" name="renders HTML" time="0.002"/>
<testcase classname="Index" name="renders HTML" time="0.002"/>
<testcase classname="Index" name="renders HTML" time="0.005"/>
<testcase classname="Index" name="renders HTML" time="0.002"/>
<testcase classname="Index" name="renders HTML" time="0.002"/>
<testcase classname="Index" name="renders HTML" time="0.002"/>
<testcase classname="Index" name="renders HTML" time="0.002"/>
<testcase classname="Index" name="renders HTML" time="0.006"/>
<testcase classname="Index" name="renders HTML" time="0.002"/>
<testcase classname="Index" name="renders HTML" time="0.001"/>
<testcase classname="Index" name="renders HTML" time="0.003"/>
<testcase classname="Index" name="renders HTML" time="0.002"/>
<testcase classname="Index" name="renders HTML" time="0.001"/>
<testcase classname="Index" name="renders HTML" time="0.004"/>
<testcase classname="Index" name="renders HTML" time="0.003"/>
<testcase classname="Index" name="renders HTML" time="0.002"/>
<testcase classname="Index" name="renders HTML" time="0.002"/>
<testcase classname="Index" name="renders HTML" time="0.001"/>
<testcase classname="Index" name="renders HTML" time="0.002"/>
<testcase classname="Index" name="renders HTML" time="0.004"/>
<testcase classname="Index" name="renders HTML" time="0.001"/>
<testcase classname="Index" name="renders HTML" time="0.002"/>
<testcase classname="Index" name="renders HTML" time="0.002"/>
<testcase classname="Index" name="renders HTML" time="0.002"/>
<testcase classname="Index" name="renders HTML" time="0.001"/>
<testcase classname="Index" name="renders HTML" time="0.001"/>
<testcase classname="Index" name="renders HTML" time="0.001"/>
<testcase classname="Index" name="renders HTML" time="0.004"/>
<testcase classname="Index" name="renders HTML" time="0.002"/>
<testcase classname="Index" name="renders HTML" time="0.002"/>
<testcase classname="Index" name="renders HTML" time="0.001"/>
<testcase classname="Index" name="renders HTML" time="0.001"/>
<testcase classname="Index" name="renders HTML" time="0.005"/>
<testcase classname="Index" name="renders HTML" time="0.002"/>
<testcase classname="Index" name="renders HTML" time="0.002"/>
<testcase classname="Index" name="renders HTML" time="0.001"/>
<testcase classname="Index" name="renders HTML" time="0.002"/>
<testcase classname="Index" name="renders HTML" time="0.002"/>
<testcase classname="Index" name="renders HTML" time="0.002"/>
<testcase classname="Index" name="renders HTML" time="0.001"/>
<testcase classname="Index" name="renders HTML" time="0.001"/>
<testcase classname="Index" name="renders HTML" time="0.001"/>
<testcase classname="Index" name="renders HTML" time="0.004"/>
<testcase classname="Index" name="renders HTML" time="0.002"/>
<testcase classname="Index" name="renders HTML" time="0.002"/>
<testcase classname="Index" name="renders HTML" time="0.003"/>
<testcase classname="Index" name="renders HTML" time="0.002"/>
<testcase classname="Index" name="renders HTML" time="0.007"/>
<testcase classname="Index" name="renders HTML" time="0.002"/>
<testcase classname="Index" name="renders HTML" time="0.001"/>
<testcase classname="Index" name="renders HTML" time="0.001"/>
<testcase classname="Index" name="renders HTML" time="0.003"/>
<testcase classname="Index" name="renders HTML" time="0.002"/>
<testcase classname="Index" name="renders HTML" time="0.002"/>
<testcase classname="Index" name="renders HTML" time="0.001"/>
<testcase classname="Index" name="renders HTML" time="0.001"/>
<testcase classname="Index" name="renders HTML" time="0.006"/>
<testcase classname="Index" name="renders HTML" time="0.001"/>
<testcase classname="Index" name="renders HTML" time="0.001"/>
<testcase classname="Index" name="renders HTML" time="0.002"/>
<testcase classname="Index" name="renders HTML" time="0.001"/>
<testcase classname="Index" name="renders HTML" time="0.002"/>
<testcase classname="Index" name="renders HTML" time="0.003"/>
<testcase classname="Index" name="renders HTML" time="0.001"/>
<testcase classname="Index" name="renders HTML" time="0.002"/>
<testcase classname="Index" name="renders HTML" time="0.001"/>
<testcase classname="Index" name="renders HTML" time="0.002"/>
<testcase classname="Index" name="renders HTML" time="0.006"/>
<testcase classname="Index" name="renders HTML" time="0.002"/>
<testcase classname="Index" name="renders HTML" time="0.002"/>
<testcase classname="Index" name="renders HTML" time="0.002"/>
<testcase classname="Index" name="renders HTML" time="0.006"/>
<testcase classname="Index" name="renders HTML" time="0.008"/>
<testcase classname="Index" name="renders HTML" time="0.001"/>
<testcase classname="Index" name="renders HTML" time="0.002"/>
<testcase classname="Index" name="renders HTML" time="0.001"/>
<testcase classname="Index" name="renders HTML" time="0.004"/>
<testcase classname="Index" name="renders HTML" time="0.003"/>
<testcase classname="Index" name="renders HTML" time="0.001"/>
<testcase classname="Index" name="renders HTML" time="0.001"/>
<testcase classname="Index" name="renders HTML" time="0.001"/>
<testcase classname="Index" name="renders HTML" time="0.005"/>
<testcase classname="Index" name="renders HTML" time="0.001"/>
<testcase classname="Index" name="renders HTML" time="0.001"/>
<testcase classname="Index" name="renders HTML" time="0.002"/>
<testcase classname="Index" name="renders HTML" time="0.002"/>
<testcase classname="Index" name="renders HTML" time="0.002"/>
<testcase classname="Index" name="renders HTML" time="0.001"/>
<testcase classname="Index" name="renders HTML" time="0.002"/>
<testcase classname="Index" name="renders HTML" time="0.002"/>
<testcase classname="Index" name="renders HTML" time="0.007"/>
<testcase classname="Index" name="renders HTML" time="0.001"/>
<testcase classname="Index" name="renders HTML" time="0.001"/>
<testcase classname="Index" name="renders HTML" time="0.002"/>
<testcase classname="Index" name="renders HTML" time="0.004"/>
<testcase classname="Index" name="renders HTML" time="0.003"/>
<testcase classname="Index" name="renders HTML" time="0.002"/>
<testcase classname="Index" name="renders HTML" time="0.001"/>
<testcase classname="Index" name="renders HTML" time="0.001"/>
<testcase classname="Index" name="renders HTML" time="0.002"/>
<testcase classname="Index" name="renders HTML" time="0.001"/>
<testcase classname="Index" name="renders HTML" time="0.002"/>
<testcase classname="Index" name="renders HTML" time="0.001"/>
<testcase classname="Index" name="renders HTML" time="0.001"/>
<testcase classname="Index" name="renders HTML" time="0.002"/>
<testcase classname="Index" name="renders HTML" time="0.006"/>
<testcase classname="Index" name="renders HTML" time="0.001"/>
<testcase classname="Index" name="renders HTML" time="0.002"/>
<testcase classname="Index" name="renders HTML" time="0.003"/>
<testcase classname="Index" name="renders HTML" time="0.002"/>
<testcase classname="Index" name="renders HTML" time="0.003"/>
<testcase classname="Index" name="renders HTML" time="0.003"/>
<testcase classname="Index" name="renders HTML" time="0.001"/>
<testcase classname="Index" name="renders HTML" time="0.001"/>
<testcase classname="Index" name="renders HTML" time="0.002"/>
<testcase classname="Index" name="renders HTML" time="0.002"/>
<testcase classname="Index" name="renders HTML" time="0.002"/>
<testcase classname="Index" name="renders HTML" time="0.001"/>
<testcase classname="Index" name="renders HTML" time="0.001"/>
<testcase classname="Index" name="renders HTML" time="0.001"/>
<testcase classname="Index" name="renders HTML" time="0.001"/>
<testcase classname="Index" name="renders HTML" time="0.004"/>
<testcase classname="Index" name="renders HTML" time="0.002"/>
[...]
<testcase classname="Index" name="renders HTML" time="0.002"/>
<testcase classname="Index" name="renders HTML" time="0.002"/>
<testcase classname="Index" name="renders HTML" time="0.007"/>
<testcase classname="Index" name="renders HTML" time="0.001"/>
<testcase classname="Index" name="renders HTML" time="0.001"/>
<testcase classname="Index" name="renders HTML" time="0.001"/>
<testcase classname="Index" name="renders HTML" time="0.005"/>
<testcase classname="Index" name="renders HTML" time="0.002"/>
<testcase classname="Index" name="renders HTML" time="0.002"/>
<testcase classname="Index" name="renders HTML" time="0.001"/>
<testcase classname="Index" name="renders HTML" time="0.002"/>
<testcase classname="Index" name="renders HTML" time="0.001"/>
<testcase classname="Index" name="renders HTML" time="0.001"/>
<testcase classname="Index" name="renders HTML" time="0.002"/>
<testcase classname="Index" name="renders HTML" time="0.002"/>
<testcase classname="Index" name="renders HTML" time="0.006"/>
<testcase classname="Index" name="renders HTML" time="0.002"/>
<testcase classname="Index" name="renders HTML" time="0.003"/>
<testcase classname="Index" name="renders HTML" time="0.002"/>
<testcase classname="Index" name="renders HTML" time="0.003"/>
<testcase classname="Index" name="renders HTML" time="0.003"/>
<testcase classname="Index" name="renders HTML" time="0.001"/>
<testcase classname="Index" name="renders HTML" time="0.002"/>
<testcase classname="Index" name="renders HTML" time="0.002"/>
<testcase classname="Index" name="renders HTML" time="0.003"/>
<testcase classname="Index" name="renders HTML" time="0.002"/>
<testcase classname="Index" name="renders HTML" time="0.002"/>
<testcase classname="Index" name="renders HTML" time="0.001"/>
<testcase classname="Index" name="renders HTML" time="0.003"/>
<testcase classname="Index" name="renders HTML" time="0.002"/>
<testcase classname="Index" name="renders HTML" time="0.002"/>
<testcase classname="Index" name="renders HTML" time="0.002"/>
<testcase classname="Index" name="renders HTML" time="0.003"/>
<testcase classname="Index" name="renders HTML" time="0.004"/>
<testcase classname="Index" name="renders HTML" time="0.002"/>
<testcase classname="Index" name="renders HTML" time="0.002"/>
<testcase classname="Index" name="renders HTML" time="0.002"/>
<testcase classname="Index" name="renders HTML" time="0.002"/>
<testcase classname="Index" name="renders HTML" time="0.002"/>
<testcase classname="Index" name="renders HTML" time="0.002"/>
<testcase classname="Index" name="renders HTML" time="0.003"/>
<testcase classname="Index" name="renders HTML" time="0.001"/>
<testcase classname="Index" name="renders HTML" time="0.001"/>
<testcase classname="Index" name="renders HTML" time="0.001"/>
<testcase classname="Index" name="renders HTML" time="0.002"/>
<testcase classname="Index" name="renders HTML" time="0.002"/>
<testcase classname="Index" name="renders HTML" time="0.005"/>
<testcase classname="Index" name="renders HTML" time="0.002"/>
<testcase classname="Index" name="renders HTML" time="0.002"/>
<testcase classname="Index" name="renders HTML" time="0.002"/>
<testcase classname="Index" name="renders HTML" time="0.002"/>
<testcase classname="Index" name="renders HTML" time="0.002"/>
<testcase classname="Index" name="renders HTML" time="0.005"/>
<testcase classname="Index" name="renders HTML" time="0.002"/>
<testcase classname="Index" name="renders HTML" time="0.005"/>
<testcase classname="Index" name="renders HTML" time="0.001"/>
<testcase classname="Index" name="renders HTML" time="0.001"/>
<testcase classname="Index" name="renders HTML" time="0.006"/>
<testcase classname="Index" name="renders HTML" time="0.001"/>
<testcase classname="Index" name="renders HTML" time="0.001"/>
<testcase classname="Index" name="renders HTML" time="0.002"/>
<testcase classname="Index" name="renders HTML" time="0.002"/>
<testcase classname="Index" name="renders HTML" time="0.006"/>
<testcase classname="Index" name="renders HTML" time="0.001"/>
<testcase classname="Index" name="renders HTML" time="0.001"/>
<testcase classname="Index" name="renders HTML" time="0.002"/>
<testcase classname="Index" name="renders HTML" time="0.018"/>
<testcase classname="Index" name="renders HTML" time="0.004"/>
<testcase classname="Index" name="renders HTML" time="0.004"/>
<testcase classname="Index" name="renders HTML" time="0.001"/>
<testcase classname="Index" name="renders HTML" time="0.001"/>
<testcase classname="Index" name="renders HTML" time="0.001"/>
<testcase classname="Index" name="renders HTML" time="0.001"/>
<testcase classname="Index" name="renders HTML" time="0.001"/>
<testcase classname="Index" name="renders HTML" time="0.001"/>
<testcase classname="Index" name="renders HTML" time="0.002"/>
<testcase classname="Index" name="renders HTML" time="0.006"/>
<testcase classname="Index" name="renders HTML" time="0.002"/>
<testcase classname="Index" name="renders HTML" time="0.005"/>
<testcase classname="Index" name="renders HTML" time="0.005"/>
<testcase classname="Index" name="renders HTML" time="0.003"/>
<testcase classname="Index" name="renders HTML" time="0.002"/>
<testcase classname="Index" name="renders HTML" time="0.001"/>
<testcase classname="Index" name="renders HTML" time="0.002"/>
<testcase classname="Index" name="renders HTML" time="0.001"/>
<testcase classname="Index" name="renders HTML" time="0.003"/>
<testcase classname="Index" name="renders HTML" time="0.001"/>
<testcase classname="Index" name="renders HTML" time="0.001"/>
<testcase classname="Index" name="renders HTML" time="0.001"/>
<testcase classname="Index" name="renders HTML" time="0.001"/>
<testcase classname="Index" name="renders HTML" time="0.005"/>
<testcase classname="Index" name="renders HTML" time="0.002"/>
<testcase classname="Index" name="renders HTML" time="0.002"/>
<testcase classname="Index" name="renders HTML" time="0.001"/>
<testcase classname="Index" name="renders HTML" time="0.003"/>
<testcase classname="Index" name="renders HTML" time="0.004"/>
<testcase classname="Index" name="renders HTML" time="0.002"/>
<testcase classname="Index" name="renders HTML" time="0.001"/>
<testcase classname="Index" name="renders HTML" time="0.002"/>
<testcase classname="Index" name="renders HTML" time="0.002"/>
<testcase classname="Index" name="renders HTML" time="0.002"/>
<testcase classname="Index" name="renders HTML" time="0.001"/>
<testcase classname="Index" name="renders HTML" time="0.003"/>
<testcase classname="Index" name="renders HTML" time="0.001"/>
<testcase classname="Index" name="renders HTML" time="0.002"/>
<testcase classname="Index" name="renders HTML" time="0.002"/>
<testcase classname="Index" name="renders HTML" time="0.002"/>
<testcase classname="Index" name="renders HTML" time="0.003"/>
<testcase classname="Index" name="renders HTML" time="0.003"/>
<testcase classname="Index" name="renders HTML" time="0.001"/>
<testcase classname="Index" name="renders HTML" time="0.001"/>
<testcase classname="Index" name="renders HTML" time="0.002"/>
<testcase classname="Index" name="renders HTML" time="0.003"/>
<testcase classname="Index" name="renders HTML" time="0.002"/>
<testcase classname="Index" name="renders HTML" time="0.004"/>
<testcase classname="Index" name="renders HTML" time="0.002"/>
<testcase classname="Index" name="renders HTML" time="0.002"/>
<testcase classname="Index" name="renders HTML" time="0.001"/>
<testcase classname="Index" name="renders HTML" time="0.001"/>
<testcase classname="Index" name="renders HTML" time="0.002"/>
<testcase classname="Index" name="renders HTML" time="0.002"/>
<testcase classname="Index" name="renders HTML" time="0.008"/>
<testcase classname="Index" name="renders HTML" time="0.001"/>
<testcase classname="Index" name="renders HTML" time="0.001"/>
<testcase classname="Index" name="renders HTML" time="0.002"/>
<testcase classname="Index" name="renders HTML" time="0.002"/>
<testcase classname="Index" name="renders HTML" time="0.002"/>
<testcase classname="Index" name="renders HTML" time="0.002"/>
<testcase classname="Index" name="renders HTML" time="0.002"/>
<testcase classname="Index" name="renders HTML" time="0.002"/>
<testcase classname="Index" name="renders HTML" time="0.001"/>
<testcase classname="Index" name="renders HTML" time="0.001"/>
<testcase classname="Index" name="renders HTML" time="0.001"/>
<testcase classname="Index" name="renders HTML" time="0.002"/>
<testcase classname="Index" name="renders HTML" time="0.002"/>
<testcase classname="Index" name="renders HTML" time="0.002"/>
<testcase classname="Index" name="renders HTML" time="0.004"/>
<testcase classname="Index" name="renders HTML" time="0.002"/>
<testcase classname="Index" name="renders HTML" time="0.002"/>
<testcase classname="Index" name="renders HTML" time="0.002"/>
<testcase classname="Index" name="renders HTML" time="0.004"/>
<testcase classname="Index" name="renders HTML" time="0.001"/>
<testcase classname="Index" name="renders HTML" time="0.002"/>
<testcase classname="Index" name="renders HTML" time="0.002"/>
<testcase classname="Index" name="renders HTML" time="0.002"/>
<testcase classname="Index" name="renders HTML" time="0.002"/>
<testcase classname="Index" name="renders HTML" time="0.002"/>
<testcase classname="Index" name="renders HTML" time="0.005"/>
<testcase classname="Index" name="renders HTML" time="0.005"/>
<testcase classname="Index" name="renders HTML" time="0.001"/>
<testcase classname="Index" name="renders HTML" time="0.005"/>
<testcase classname="Index" name="renders HTML" time="0.003"/>
<testcase classname="Index" name="renders HTML" time="0.002"/>
<testcase classname="Index" name="renders HTML" time="0.001"/>
<testcase classname="Index" name="renders HTML" time="0.002"/>
<testcase classname="Index" name="renders HTML" time="0.001"/>
<testcase classname="Index" name="renders HTML" time="0.001"/>
<testcase classname="Index" name="renders HTML" time="0.001"/>
<testcase classname="Index" name="renders HTML" time="0.002"/>
<testcase classname="Index" name="renders HTML" time="0.002"/>
<testcase classname="Index" name="renders HTML" time="0.002"/>
<testcase classname="Index" name="renders HTML" time="0.007"/>
<testcase classname="Index" name="renders HTML" time="0.004"/>
<testcase classname="Index" name="renders HTML" time="0.002"/>
<testcase classname="Index" name="renders HTML" time="0.002"/>
<testcase classname="Index" name="renders HTML" time="0.004"/>
<testcase classname="Index" name="renders HTML" time="0.002"/>
<testcase classname="Index" name="renders HTML" time="0.001"/>
<testcase classname="Index" name="renders HTML" time="0.001"/>
<testcase classname="Index" name="renders HTML" time="0.002"/>
<testcase classname="Index" name="renders HTML" time="0.004"/>
<testcase classname="Index" name="renders HTML" time="0.002"/>
<testcase classname="Index" name="renders HTML" time="0.002"/>
<testcase classname="Index" name="renders HTML" time="0.001"/>
<testcase classname="Index" name="renders HTML" time="0.003"/>
<testcase classname="Index" name="renders HTML" time="0.001"/>
<testcase classname="Index" name="renders HTML" time="0.002"/>
<testcase classname="Index" name="renders HTML" time="0.001"/>
<testcase classname="Index" name="renders HTML" time="0.003"/>
<testcase classname="Index" name="renders HTML" time="0.002"/>
<testcase classname="Index" name="renders HTML" time="0.001"/>
<testcase classname="Index" name="renders HTML" time="0.002"/>
<testcase classname="Index" name="renders HTML" time="0.002"/>
<testcase classname="Index" name="renders HTML" time="0.001"/>
<testcase classname="Index" name="renders HTML" time="0.002"/>
<testcase classname="Index" name="renders HTML" time="0.005"/>
<testcase classname="Index" name="renders HTML" time="0.002"/>
<testcase classname="Index" name="renders HTML" time="0.001"/>
<testcase classname="Index" name="renders HTML" time="0.001"/>
<testcase classname="Index" name="renders HTML" time="0.002"/>
<testcase classname="Index" name="renders HTML" time="0.005"/>
<testcase classname="Index" name="renders HTML" time="0.001"/>
<testcase classname="Index" name="renders HTML" time="0.001"/>
<testcase classname="Index" name="renders HTML" time="0.002"/>
<testcase classname="Index" name="renders HTML" time="0.002"/>
<testcase classname="Index" name="renders HTML" time="0.001"/>
<testcase classname="Index" name="renders HTML" time="0.001"/>
<testcase classname="Index" name="renders HTML" time="0.002"/>
<testcase classname="Index" name="renders HTML" time="0.003"/>
<testcase classname="Index" name="renders HTML" time="0.004"/>
<testcase classname="Index" name="renders HTML" time="0.001"/>
<testcase classname="Index" name="renders HTML" time="0.001"/>
<testcase classname="Index" name="renders HTML" time="0.002"/>
<testcase classname="Index" name="renders HTML" time="0.002"/>
<testcase classname="Index" name="renders HTML" time="0.003"/>
<testcase classname="Index" name="renders HTML" time="0.002"/>
<testcase classname="Index" name="renders HTML" time="0.002"/>
<testcase classname="Index" name="renders HTML" time="0.001"/>
<testcase classname="Index" name="renders HTML" time="0.001"/>
<testcase classname="Index" name="renders HTML" time="0.002"/>
<testcase classname="Index" name="renders HTML" time="0.001"/>
<testcase classname="Index" name="renders HTML" time="0.001"/>
<testcase classname="Index" name="renders HTML" time="0.002"/>
<testcase classname="Index" name="renders HTML" time="0.004"/>
<testcase classname="Index" name="renders HTML" time="0.002"/>
<testcase classname="Index" name="renders HTML" time="0.002"/>
<testcase classname="Index" name="renders HTML" time="0.005"/>
<testcase classname="Index" name="renders HTML" time="0.002"/>
<testcase classname="Index" name="renders HTML" time="0.002"/>
<testcase classname="Index" name="renders HTML" time="0.001"/>
<testcase classname="Index" name="renders HTML" time="0.002"/>
<testcase classname="Index" name="renders HTML" time="0.002"/>
<testcase classname="Index" name="renders HTML" time="0.002"/>
<testcase classname="Index" name="renders HTML" time="0.001"/>
<testcase classname="Index" name="renders HTML" time="0.001"/>
<testcase classname="Index" name="renders HTML" time="0.002"/>
<testcase classname="Index" name="renders HTML" time="0.005"/>
<testcase classname="Index" name="renders HTML" time="0.002"/>
<testcase classname="Index" name="renders HTML" time="0.005"/>
<testcase classname="Index" name="renders HTML" time="0.003"/>
<testcase classname="Index" name="renders HTML" time="0.002"/>
<testcase classname="Index" name="renders HTML" time="0.005"/>
<testcase classname="Index" name="renders HTML" time="0.002"/>
<testcase classname="Index" name="renders HTML" time="0.001"/>
<testcase classname="Index" name="renders HTML" time="0.001"/>
<testcase classname="Index" name="renders HTML" time="0.002"/>
<testcase classname="Index" name="renders HTML" time="0.002"/>
<testcase classname="Index" name="renders HTML" time="0.002"/>
<testcase classname="Index" name="renders HTML" time="0.001"/>
<testcase classname="Index" name="renders HTML" time="0.001"/>
<testcase classname="Index" name="renders HTML" time="0.003"/>
<testcase classname="Index" name="renders HTML" time="0.001"/>
<testcase classname="Index" name="renders HTML" time="0.002"/>
<testcase classname="Index" name="renders HTML" time="0.002"/>
<testcase classname="Index" name="renders HTML" time="0.002"/>
<testcase classname="Index" name="renders HTML" time="0.002"/>
<testcase classname="Index" name="renders HTML" time="0.006"/>
<testcase classname="Index" name="renders HTML" time="0.002"/>
<testcase classname="Index" name="renders HTML" time="0.001"/>
<testcase classname="Index" name="renders HTML" time="0.002"/>
<testcase classname="Index" name="renders HTML" time="0.002"/>
<testcase classname="Index" name="renders HTML" time="0.002"/>
<testcase classname="Index" name="renders HTML" time="0.003"/>
<testcase classname="Index" name="renders HTML" time="0.001"/>
<testcase classname="Index" name="renders HTML" time="0.001"/>
<testcase classname="Index" name="renders HTML" time="0.002"/>
<testcase classname="Index" name="renders HTML" time="0.002"/>
<testcase classname="Index" name="renders HTML" time="0.001"/>
<testcase classname="Index" name="renders HTML" time="0.001"/>
<testcase classname="Index" name="renders HTML" time="0.002"/>
<testcase classname="Index" name="renders HTML" time="0.006"/>
<testcase classname="Index" name="renders HTML" time="0.002"/>
<testcase classname="Index" name="renders HTML" time="0.001"/>
<testcase classname="Index" name="renders HTML" time="0.001"/>
<testcase classname="Index" name="renders HTML" time="0.003"/>
<testcase classname="Index" name="renders HTML" time="0.004"/>
<testcase classname="Index" name="renders HTML" time="0.002"/>
<testcase classname="Index" name="renders HTML" time="0.002"/>
<testcase classname="Index" name="renders HTML" time="0.002"/>
<testcase classname="Index" name="renders HTML" time="0.002"/>
<testcase classname="Index" name="renders HTML" time="0.001"/>
<testcase classname="Index" name="renders HTML" time="0.001"/>
<testcase classname="Index" name="renders HTML" time="0.002"/>
<testcase classname="Index" name="renders HTML" time="0.002"/>
<testcase classname="Index" name="renders HTML" time="0.002"/>
<testcase classname="Index" name="renders HTML" time="0.003"/>
<testcase classname="Index" name="renders HTML" time="0.002"/>
<testcase classname="Index" name="renders HTML" time="0.002"/>
<testcase classname="Index" name="renders HTML" time="0.004"/>
<testcase classname="Index" name="renders HTML" time="0.001"/>
<testcase classname="Index" name="renders HTML" time="0.002"/>
<testcase classname="Index" name="renders HTML" time="0.002"/>
<testcase classname="Index" name="renders HTML" time="0.002"/>
<testcase classname="Index" name="renders HTML" time="0.002"/>
<testcase classname="Index" name="renders HTML" time="0.001"/>
<testcase classname="Index" name="renders HTML" time="0.001"/>
<testcase classname="Index" name="renders HTML" time="0.001"/>
<testcase classname="Index" name="renders HTML" time="0.004"/>
<testcase classname="Index" name="renders HTML" time="0.002"/>
<testcase classname="Index" name="renders HTML" time="0.002"/>
<testcase classname="Index" name="renders HTML" time="0.002"/>
<testcase classname="Index" name="renders HTML" time="0.01"/>
<testcase classname="Index" name="renders HTML" time="0.002"/>
<testcase classname="Index" name="renders HTML" time="0.001"/>
<testcase classname="Index" name="renders HTML" time="0.001"/>
<testcase classname="Index" name="renders HTML" time="0.001"/>
<testcase classname="Index" name="renders HTML" time="0.002"/>
<testcase classname="Index" name="renders HTML" time="0.002"/>
<testcase classname="Index" name="renders HTML" time="0.007"/>
<testcase classname="Index" name="renders HTML" time="0.003"/>
<testcase classname="Index" name="renders HTML" time="0.002"/>
<testcase classname="Index" name="renders HTML" time="0.002"/>
<testcase classname="Index" name="renders HTML" time="0.001"/>
<testcase classname="Index" name="renders HTML" time="0.004"/>
<testcase classname="Index" name="renders HTML" time="0.002"/>
<testcase classname="Index" name="renders HTML" time="0.002"/>
<testcase classname="Index" name="renders HTML" time="0.001"/>
<testcase classname="Index" name="renders HTML" time="0.001"/>
<testcase classname="Index" name="renders HTML" time="0.002"/>
<testcase classname="Index" name="renders HTML" time="0.002"/>
<testcase classname="Index" name="renders HTML" time="0.002"/>
<testcase classname="Index" name="renders HTML" time="0.002"/>
<testcase classname="Index" name="renders HTML" time="0.004"/>
<testcase classname="Index" name="renders HTML" time="0.001"/>
<testcase classname="Index" name="renders HTML" time="0.001"/>
<testcase classname="Index" name="renders HTML" time="0.001"/>
<testcase classname="Index" name="renders HTML" time="0.002"/>
</testsuite>
