<testsuite name="Mocha Tests" tests="1000" failures="0" errors="0" skipped="0" timestamp="Tue, 12 Apr 2016 05:54:02 GMT" time="2.308">
<testcase classname="Index" name="renders HTML" time="0.029"/>
<testcase classname="Index" name="renders HTML" time="0.007"/>
<testcase classname="Index" name="renders HTML" time="0.002"/>
<testcase classname="Index" name="renders HTML" time="0.006"/>
<testcase classname="Index" name="renders HTML" time="0.002"/>
<testcase classname="Index" name="renders HTML" time="0.002"/>
<testcase classname="Index" name="renders HTML" time="0.001"/>
<testcase classname="Index" name="renders HTML" time="0.002"/>
<testcase classname="Index" name="renders HTML" time="0.002"/>
<testcase classname="Index" name="renders HTML" time="0.003"/>
<testcase classname="Index" name="renders HTML" time="0.001"/>
<testcase classname="Index" name="renders HTML" time="0.002"/>
<testcase classname="Index" name="renders HTML" time="0.002"/>
<testcase classname="Index" name="renders HTML" time="0.005"/>
<testcase classname="Index" name="renders HTML" time="0.003"/>
<testcase classname="Index" name="renders HTML" time="0.004"/>
<testcase classname="Index" name="renders HTML" time="0.002"/>
<testcase classname="Index" name="renders HTML" time="0.003"/>
<testcase classname="Index" name="renders HTML" time="0.003"/>
<testcase classname="Index" name="renders HTML" time="0.002"/>
<testcase classname="Index" name="renders HTML" time="0.002"/>
<testcase classname="Index" name="renders HTML" time="0.001"/>
<testcase classname="Index" name="renders HTML" time="0.002"/>
<testcase classname="Index" name="renders HTML" time="0.002"/>
<testcase classname="Index" name="renders HTML" time="0.002"/>
<testcase classname="Index" name="renders HTML" time="0.002"/>
<testcase classname="Index" name="renders HTML" time="0.006"/>
<testcase classname="Index" name="renders HTML" time="0.002"/>
<testcase classname="Index" name="renders HTML" time="0.002"/>
<testcase classname="Index" name="renders HTML" time="0.003"/>
<testcase classname="Index" name="renders HTML" time="0.003"/>
<testcase classname="Index" name="renders HTML" time="0.005"/>
<testcase classname="Index" name="renders HTML" time="0.002"/>
<testcase classname="Index" name="renders HTML" time="0.002"/>
<testcase classname="Index" name="renders HTML" time="0.002"/>
<testcase classname="Index" name="renders HTML" time="0.003"/>
<testcase classname="Index" name="renders HTML" time="0.002"/>
<testcase classname="Index" name="renders HTML" time="0.001"/>
<testcase classname="Index" name="renders HTML" time="0.002"/>
<testcase classname="Index" name="renders HTML" time="0.002"/>
<testcase classname="Index" name="renders HTML" time="0.002"/>
<testcase classname="Index" name="renders HTML" time="0.004"/>
<testcase classname="Index" name="renders HTML" time="0.002"/>
<testcase classname="Index" name="renders HTML" time="0.003"/>
<testcase classname="Index" name="renders HTML" time="0.005"/>
<testcase classname="Index" name="renders HTML" time="0.001"/>
<testcase classname="Index" name="renders HTML" time="0.002"/>
<testcase classname="Index" name="renders HTML" time="0.001"/>
<testcase classname="Index" name="renders HTML" time="0.003"/>
<testcase classname="Index" name="renders HTML" time="0.002"/>
<testcase classname="Index" name="renders HTML" time="0.002"/>
<testcase classname="Index" name="renders HTML" time="0.004"/>
<testcase classname="Index" name="renders HTML" time="0.002"/>
<testcase classname="Index" name="renders HTML" time="0.001"/>
<testcase classname="Index" name="renders HTML" time="0.002"/>
<testcase classname="Index" name="renders HTML" time="0.002"/>
<testcase classname="Index" name="renders HTML" time="0.003"/>
<testcase classname="Index" name="renders HTML" time="0.005"/>
<testcase classname="Index" name="renders HTML" time="0.001"/>
<testcase classname="Index" name="renders HTML" time="0.001"/>
<testcase classname="Index" name="renders HTML" time="0.002"/>
<testcase classname="Index" name="renders HTML" time="0.001"/>
<testcase classname="Index" name="renders HTML" time="0.001"/>
<testcase classname="Index" name="renders HTML" time="0.002"/>
<testcase classname="Index" name="renders HTML" time="0.004"/>
<testcase classname="Index" name="renders HTML" time="0.009"/>
<testcase classname="Index" name="renders HTML" time="0.003"/>
<testcase classname="Index" name="renders HTML" time="0.002"/>
<testcase classname="Index" name="renders HTML" time="0.002"/>
<testcase classname="Index" name="renders HTML" time="0.002"/>
<testcase classname="Index" name="renders HTML" time="0.002"/>
<testcase classname="Index" name="renders HTML" time="0.002"/>
<testcase classname="Index" name="renders HTML" time="0.002"/>
<testcase classname="Index" name="renders HTML" time="0.001"/>
<testcase classname="Index" name="renders HTML" time="0.002"/>
<testcase classname="Index" name="renders HTML" time="0.001"/>
<testcase classname="Index" name="renders HTML" time="0.001"/>
<testcase classname="Index" name="renders HTML" time="0.002"/>
<testcase classname="Index" name="renders HTML" time="0.001"/>
<testcase classname="Index" name="renders HTML" time="0.001"/>
<testcase classname="Index" name="renders HTML" time="0.005"/>
<testcase classname="Index" name="renders HTML" time="0.002"/>
<testcase classname="Index" name="renders HTML" time="0.001"/>
<testcase classname="Index" name="renders HTML" time="0.001"/>
<testcase classname="Index" name="renders HTML" time="0.002"/>
<testcase classname="Index" name="renders HTML" time="0.002"/>
<testcase classname="Index" name="renders HTML" time="0.003"/>
<testcase classname="Index" name="renders HTML" time="0.002"/>
<testcase classname="Index" name="renders HTML" time="0.001"/>
<testcase classname="Index" name="renders HTML" time="0.002"/>
<testcase classname="Index" name="renders HTML" time="0.001"/>
<testcase classname="Index" name="renders HTML" time="0.001"/>
<testcase classname="Index" name="renders HTML" time="0.001"/>
<testcase classname="Index" name="renders HTML" time="0.002"/>
<testcase classname="Index" name="renders HTML" time="0.001"/>
<testcase classname="Index" name="renders HTML" time="0.002"/>
<testcase classname="Index" name="renders HTML" time="0.005"/>
<testcase classname="Index" name="renders HTML" time="0.001"/>
<testcase classname="Index" name="renders HTML" time="0.003"/>
<testcase classname="Index" name="renders HTML" time="0.003"/>
<testcase classname="Index" name="renders HTML" time="0.001"/>
<testcase classname="Index" name="renders HTML" time="0.001"/>
<testcase classname="Index" name="renders HTML" time="0.002"/>
<testcase classname="Index" name="renders HTML" time="0.002"/>
<testcase classname="Index" name="renders HTML" time="0.001"/>
<testcase classname="Index" name="renders HTML" time="0.002"/>
<testcase classname="Index" name="renders HTML" time="0.002"/>
<testcase classname="Index" name="renders HTML" time="0.001"/>
<testcase classname="Index" name="renders HTML" time="0.001"/>
<testcase classname="Index" name="renders HTML" time="0.001"/>
<testcase classname="Index" name="renders HTML" time="0.001"/>
<testcase classname="Index" name="renders HTML" time="0.002"/>
<testcase classname="Index" name="renders HTML" time="0.002"/>
<testcase classname="Index" name="renders HTML" time="0.001"/>
<testcase classname="Index" name="renders HTML" time="0.002"/>
<testcase classname="Index" name="renders HTML" time="0.003"/>
<testcase classname="Index" name="renders HTML" time="0.003"/>
<testcase classname="Index" name="renders HTML" time="0.002"/>
<testcase classname="Index" name="renders HTML" time="0.001"/>
<testcase classname="Index" name="renders HTML" time="0.001"/>
<testcase classname="Index" name="renders HTML" time="0.002"/>
<testcase classname="Index" name="renders HTML" time="0.002"/>
<testcase classname="Index" name="renders HTML" time="0.001"/>
<testcase classname="Index" name="renders HTML" time="0.001"/>
<testcase classname="Index" name="renders HTML" time="0.002"/>
<testcase classname="Index" name="renders HTML" time="0.002"/>
<testcase classname="Index" name="renders HTML" time="0.003"/>
<testcase classname="Index" name="renders HTML" time="0.002"/>
<testcase classname="Index" name="renders HTML" time="0.002"/>
<testcase classname="Index" name="renders HTML" time="0.005"/>
<testcase classname="Index" name="renders HTML" time="0.004"/>
<testcase classname="Index" name="renders HTML" time="0.022"/>
<testcase classname="Index" name="renders HTML" time="0.002"/>
<testcase classname="Index" name="renders HTML" time="0.002"/>
<testcase classname="Index" name="renders HTML" time="0.002"/>
<testcase classname="Index" name="renders HTML" time="0.002"/>
<testcase classname="Index" name="renders HTML" time="0.002"/>
<testcase classname="Index" name="renders HTML" time="0.002"/>
<testcase classname="Index" name="renders HTML" time="0.001"/>
<testcase classname="Index" name="renders HTML" time="0.002"/>
<testcase classname="Index" name="renders HTML" time="0.001"/>
<testcase classname="Index" name="renders HTML" time="0.002"/>
<testcase classname="Index" name="renders HTML" time="0.002"/>
<testcase classname="Index" name="renders HTML" time="0.001"/>
<testcase classname="Index" name="renders HTML" time="0.001"/>
<testcase classname="Index" name="renders HTML" time="0.001"/>
<testcase classname="Index" name="renders HTML" time="0.001"/>
<testcase classname="Index" name="renders HTML" time="0.004"/>
<testcase classname="Index" name="renders HTML" time="0.002"/>
<testcase classname="Index" name="renders HTML" time="0.001"/>
<testcase classname="Index" name="renders HTML" time="0.002"/>
<testcase classname="Index" name="renders HTML" time="0.001"/>
<testcase classname="Index" name="renders HTML" time="0.002"/>
<testcase classname="Index" name="renders HTML" time="0.002"/>
<testcase classname="Index" name="renders HTML" time="0.003"/>
<testcase classname="Index" name="renders HTML" time="0.001"/>
<testcase classname="Index" name="renders HTML" time="0.001"/>
<testcase classname="Index" name="renders HTML" time="0.001"/>
<testcase classname="Index" name="renders HTML" time="0.002"/>
<testcase classname="Index" name="renders HTML" time="0.001"/>
<testcase classname="Index" name="renders HTML" time="0.001"/>
<testcase classname="Index" name="renders HTML" time="0.001"/>
<testcase classname="Index" name="renders HTML" time="0.001"/>
<testcase classname="Index" name="renders HTML" time="0.001"/>
<testcase classname="Index" name="renders HTML" time="0.003"/>
<testcase classname="Index" name="renders HTML" time="0.003"/>
<testcase classname="Index" name="renders HTML" time="0.001"/>
<testcase classname="Index" name="renders HTML" time="0.001"/>
<testcase classname="Index" name="renders HTML" time="0.002"/>
<testcase classname="Index" name="renders HTML" time="0.002"/>
<testcase classname="Index" name="renders HTML" time="0.002"/>
<testcase classname="Index" name="renders HTML" time="0.002"/>
<testcase classname="Index" name="renders HTML" time="0.003"/>
<testcase classname="Index" name="renders HTML" time="0.002"/>
<testcase classname="Index" name="renders HTML" time="0.001"/>
<testcase classname="Index" name="renders HTML" time="0.001"/>
<testcase classname="Index" name="renders HTML" time="0.001"/>
<testcase classname="Index" name="renders HTML" time="0.002"/>
<testcase classname="Index" name="renders HTML" time="0.002"/>
<testcase classname="Index" name="renders HTML" time="0.001"/>
<testcase classname="Index" name="renders HTML" time="0.002"/>
<testcase classname="Index" name="renders HTML" time="0.001"/>
<testcase classname="Index" name="renders HTML" time="0.002"/>
<testcase classname="Index" name="renders HTML" time="0.001"/>
<testcase classname="Index" name="renders HTML" time="0.001"/>
<testcase classname="Index" name="renders HTML" time="0.001"/>
<testcase classname="Index" name="renders HTML" time="0.002"/>
<testcase classname="Index" name="renders HTML" time="0.001"/>
<testcase classname="Index" name="renders HTML" time="0.001"/>
<testcase classname="Index" name="renders HTML" time="0.001"/>
<testcase classname="Index" name="renders HTML" time="0.001"/>
<testcase classname="Index" name="renders HTML" time="0.005"/>
<testcase classname="Index" name="renders HTML" time="0.001"/>
<testcase classname="Index" name="renders HTML" time="0.002"/>
<testcase classname="Index" name="renders HTML" time="0.002"/>
<testcase classname="Index" name="renders HTML" time="0.002"/>
<testcase classname="Index" name="renders HTML" time="0.003"/>
<testcase classname="Index" name="renders HTML" time="0.001"/>
<testcase classname="Index" name="renders HTML" time="0.002"/>
<testcase classname="Index" name="renders HTML" time="0.001"/>
<testcase classname="Index" name="renders HTML" time="0.002"/>
<testcase classname="Index" name="renders HTML" time="0.002"/>
<testcase classname="Index" name="renders HTML" time="0.001"/>
<testcase classname="Index" name="renders HTML" time="0.001"/>
<testcase classname="Index" name="renders HTML" time="0.001"/>
<testcase classname="Index" name="renders HTML" time="0.001"/>
<testcase classname="Index" name="renders HTML" time="0.002"/>
<testcase classname="Index" name="renders HTML" time="0.004"/>
<testcase classname="Index" name="renders HTML" time="0.001"/>
<testcase classname="Index" name="renders HTML" time="0.001"/>
<testcase classname="Index" name="renders HTML" time="0.002"/>
<testcase classname="Index" name="renders HTML" time="0.001"/>
<testcase classname="Index" name="renders HTML" time="0.001"/>
<testcase classname="Index" name="renders HTML" time="0.001"/>
<testcase classname="Index" name="renders HTML" time="0.001"/>
<testcase classname="Index" name="renders HTML" time="0.001"/>
<testcase classname="Index" name="renders HTML" time="0.002"/>
<testcase classname="Index" name="renders HTML" time="0.001"/>
<testcase classname="Index" name="renders HTML" time="0.001"/>
<testcase classname="Index" name="renders HTML" time="0.002"/>
<testcase classname="Index" name="renders HTML" time="0.001"/>
<testcase classname="Index" name="renders HTML" time="0.002"/>
<testcase classname="Index" name="renders HTML" time="0.001"/>
<testcase classname="Index" name="renders HTML" time="0.002"/>
<testcase classname="Index" name="renders HTML" time="0.002"/>
<testcase classname="Index" name="renders HTML" time="0.004"/>
<testcase classname="Index" name="renders HTML" time="0.001"/>
<testcase classname="Index" name="renders HTML" time="0.001"/>
<testcase classname="Index" name="renders HTML" time="0.001"/>
<testcase classname="Index" name="renders HTML" time="0.002"/>
<testcase classname="Index" name="renders HTML" time="0.001"/>
<testcase classname="Index" name="renders HTML" time="0.002"/>
<testcase classname="Index" name="renders HTML" time="0.002"/>
<testcase classname="Index" name="renders HTML" time="0.001"/>
<testcase classname="Index" name="renders HTML" time="0.002"/>
<testcase classname="Index" name="renders HTML" time="0.001"/>
<testcase classname="Index" name="renders HTML" time="0.001"/>
<testcase classname="Index" name="renders HTML" time="0.001"/>
<testcase classname="Index" name="renders HTML" time="0.001"/>
<testcase classname="Index" name="renders HTML" time="0.001"/>
<testcase classname="Index" name="renders HTML" time="0.001"/>
<testcase classname="Index" name="renders HTML" time="0.002"/>
<testcase classname="Index" name="renders HTML" time="0.001"/>
<testcase classname="Index" name="renders HTML" time="0.004"/>
<testcase classname="Index" name="renders HTML" time="0.003"/>
<testcase classname="Index" name="renders HTML" time="0.001"/>
<testcase classname="Index" name="renders HTML" time="0.104"/>
<testcase classname="Index" name="renders HTML" time="0.001"/>
<testcase classname="Index" name="renders HTML" time="0.001"/>
<testcase classname="Index" name="renders HTML" time="0.001"/>
<testcase classname="Index" name="renders HTML" time="0.001"/>
<testcase classname="Index" name="renders HTML" time="0.001"/>
<testcase classname="Index" name="renders HTML" time="0.002"/>
<testcase classname="Index" name="renders HTML" time="0.001"/>
<testcase classname="Index" name="renders HTML" time="0.002"/>
<testcase classname="Index" name="renders HTML" time="0.001"/>
<testcase classname="Index" name="renders HTML" time="0.001"/>
<testcase classname="Index" name="renders HTML" time="0.001"/>
<testcase classname="Index" name="renders HTML" time="0.001"/>
<testcase classname="Index" name="renders HTML" time="0.001"/>
<testcase classname="Index" name="renders HTML" time="0.002"/>
<testcase classname="Index" name="renders HTML" time="0.002"/>
<testcase classname="Index" name="renders HTML" time="0.005"/>
<testcase classname="Index" name="renders HTML" time="0.001"/>
<testcase classname="Index" name="renders HTML" time="0.002"/>
<testcase classname="Index" name="renders HTML" time="0.002"/>
<testcase classname="Index" name="renders HTML" time="0.001"/>
<testcase classname="Index" name="renders HTML" time="0.002"/>
<testcase classname="Index" name="renders HTML" time="0.004"/>
<testcase classname="Index" name="renders HTML" time="0.002"/>
<testcase classname="Index" name="renders HTML" time="0.002"/>
<testcase classname="Index" name="renders HTML" time="0.001"/>
<testcase classname="Index" name="renders HTML" time="0.001"/>
<testcase classname="Index" name="renders HTML" time="0.002"/>
<testcase classname="Index" name="renders HTML" time="0.001"/>
<testcase classname="Index" name="renders HTML" time="0.002"/>
<testcase classname="Index" name="renders HTML" time="0.001"/>
<testcase classname="Index" name="renders HTML" time="0.001"/>
<testcase classname="Index" name="renders HTML" time="0.002"/>
<testcase classname="Index" name="renders HTML" time="0.002"/>
<testcase classname="Index" name="renders HTML" time="0.002"/>
<testcase classname="Index" name="renders HTML" time="0.001"/>
<testcase classname="Index" name="renders HTML" time="0.002"/>
<testcase classname="Index" name="renders HTML" time="0.001"/>
<testcase classname="Index" name="renders HTML" time="0.002"/>
<testcase classname="Index" name="renders HTML" time="0.001"/>
<testcase classname="Index" name="renders HTML" time="0.005"/>
<testcase classname="Index" name="renders HTML" time="0.002"/>
<testcase classname="Index" name="renders HTML" time="0.002"/>
<testcase classname="Index" name="renders HTML" time="0.002"/>
<testcase classname="Index" name="renders HTML" time="0.001"/>
<testcase classname="Index" name="renders HTML" time="0.002"/>
<testcase classname="Index" name="renders HTML" time="0.002"/>
<testcase classname="Index" name="renders HTML" time="0.001"/>
<testcase classname="Index" name="renders HTML" time="0.002"/>
<testcase classname="Index" name="renders HTML" time="0.002"/>
<testcase classname="Index" name="renders HTML" time="0.002"/>
<testcase classname="Index" name="renders HTML" time="0.001"/>
<testcase classname="Index" name="renders HTML" time="0.002"/>
<testcase classname="Index" name="renders HTML" time="0.001"/>
<testcase classname="Index" name="renders HTML" time="0.002"/>
<testcase classname="Index" name="renders HTML" time="0.001"/>
<testcase classname="Index" name="renders HTML" time="0.002"/>
<testcase classname="Index" name="renders HTML" time="0.001"/>
<testcase classname="Index" name="renders HTML" time="0.004"/>
<testcase classname="Index" name="renders HTML" time="0.001"/>
<testcase classname="Index" name="renders HTML" time="0.002"/>
<testcase classname="Index" name="renders HTML" time="0.001"/>
<testcase classname="Index" name="renders HTML" time="0.001"/>
<testcase classname="Index" name="renders HTML" time="0.001"/>
<testcase classname="Index" name="renders HTML" time="0.002"/>
<testcase classname="Index" name="renders HTML" time="0.003"/>
<testcase classname="Index" name="renders HTML" time="0.002"/>
<testcase classname="Index" name="renders HTML" time="0.001"/>
<testcase classname="Index" name="renders HTML" time="0.002"/>
<testcase classname="Index" name="renders HTML" time="0.001"/>
<testcase classname="Index" name="renders HTML" time="0.002"/>
<testcase classname="Index" name="renders HTML" time="0.001"/>
<testcase classname="Index" name="renders HTML" time="0.002"/>
<testcase classname="Index" name="renders HTML" time="0.001"/>
<testcase classname="Index" name="renders HTML" time="0.001"/>
<testcase classname="Index" name="renders HTML" time="0.001"/>
<testcase classname="Index" name="renders HTML" time="0.003"/>
<testcase classname="Index" name="renders HTML" time="0.004"/>
<testcase classname="Index" name="renders HTML" time="0.001"/>
<testcase classname="Index" name="renders HTML" time="0.001"/>
<testcase classname="Index" name="renders HTML" time="0.002"/>
<testcase classname="Index" name="renders HTML" time="0.002"/>
<testcase classname="Index" name="renders HTML" time="0.003"/>
<testcase classname="Index" name="renders HTML" time="0.005"/>
<testcase classname="Index" name="renders HTML" time="0.001"/>
<testcase classname="Index" name="renders HTML" time="0.002"/>
<testcase classname="Index" name="renders HTML" time="0.001"/>
<testcase classname="Index" name="renders HTML" time="0.003"/>
<testcase classname="Index" name="renders HTML" time="0.002"/>
<testcase classname="Index" name="renders HTML" time="0.002"/>
<testcase classname="Index" name="renders HTML" time="0.001"/>
<testcase classname="Index" name="renders HTML" time="0.001"/>
<testcase classname="Index" name="renders HTML" time="0.001"/>
<testcase classname="Index" name="renders HTML" time="0.001"/>
<testcase classname="Index" name="renders HTML" time="0.001"/>
<testcase classname="Index" name="renders HTML" time="0.002"/>
<testcase classname="Index" name="renders HTML" time="0.002"/>
<testcase classname="Index" name="renders HTML" time="0.002"/>
<testcase classname="Index" name="renders HTML" time="0.001"/>
<testcase classname="Index" name="renders HTML" time="0.002"/>
<testcase classname="Index" name="renders HTML" time="0.004"/>
<testcase classname="Index" name="renders HTML" time="0.002"/>
<testcase classname="Index" name="renders HTML" time="0.001"/>
<testcase classname="Index" name="renders HTML" time="0.002"/>
<testcase classname="Index" name="renders HTML" time="0.001"/>
<testcase classname="Index" name="renders HTML" time="0.002"/>
<testcase classname="Index" name="renders HTML" time="0.002"/>
<testcase classname="Index" name="renders HTML" time="0.001"/>
<testcase classname="Index" name="renders HTML" time="0.001"/>
<testcase classname="Index" name="renders HTML" time="0.001"/>
<testcase classname="Index" name="renders HTML" time="0.001"/>
<testcase classname="Index" name="renders HTML" time="0.002"/>
<testcase classname="Index" name="renders HTML" time="0.002"/>
<testcase classname="Index" name="renders HTML" time="0.002"/>
<testcase classname="Index" name="renders HTML" time="0.001"/>
<testcase classname="Index" name="renders HTML" time="0.002"/>
<testcase classname="Index" name="renders HTML" time="0.001"/>
<testcase classname="Index" name="renders HTML" time="0.002"/>
<testcase classname="Index" name="renders HTML" time="0.004"/>
<testcase classname="Index" name="renders HTML" time="0.001"/>
<testcase classname="Index" name="renders HTML" time="0.001"/>
<testcase classname="Index" name="renders HTML" time="0.001"/>
<testcase classname="Index" name="renders HTML" time="0.001"/>
<testcase classname="Index" name="renders HTML" time="0.002"/>
<testcase classname="Index" name="renders HTML" time="0.001"/>
<testcase classname="Index" name="renders HTML" time="0.001"/>
<testcase classname="Index" name="renders HTML" time="0.001"/>
<testcase classname="Index" name="renders HTML" time="0.001"/>
<testcase classname="Index" name="renders HTML" time="0.002"/>
<testcase classname="Index" name="renders HTML" time="0.002"/>
<testcase classname="Index" name="renders HTML" time="0.001"/>
<testcase classname="Index" name="renders HTML" time="0.001"/>
<testcase classname="Index" name="renders HTML" time="0.001"/>
<testcase classname="Index" name="renders HTML" time="0.001"/>
<testcase classname="Index" name="renders HTML" time="0.002"/>
<testcase classname="Index" name="renders HTML" time="0.001"/>
<testcase classname="Index" name="renders HTML" time="0.002"/>
<testcase classname="Index" name="renders HTML" time="0.004"/>
<testcase classname="Index" name="renders HTML" time="0.001"/>
<testcase classname="Index" name="renders HTML" time="0.002"/>
<testcase classname="Index" name="renders HTML" time="0.001"/>
<testcase classname="Index" name="renders HTML" time="0.001"/>
<testcase classname="Index" name="renders HTML" time="0.003"/>
<testcase classname="Index" name="renders HTML" time="0.002"/>
<testcase classname="Index" name="renders HTML" time="0.002"/>
<testcase classname="Index" name="renders HTML" time="0.006"/>
<testcase classname="Index" name="renders HTML" time="0.003"/>
<testcase classname="Index" name="renders HTML" time="0.028"/>
<testcase classname="Index" name="renders HTML" time="0.002"/>
<testcase classname="Index" name="renders HTML" time="0.002"/>
<testcase classname="Index" name="renders HTML" time="0.001"/>
<testcase classname="Index" name="renders HTML" time="0.001"/>
<testcase classname="Index" name="renders HTML" time="0.001"/>
<testcase classname="Index" name="renders HTML" time="0.002"/>
<testcase classname="Index" name="renders HTML" time="0.003"/>
<testcase classname="Index" name="renders HTML" time="0.001"/>
<testcase classname="Index" name="renders HTML" time="0.002"/>
<testcase classname="Index" name="renders HTML" time="0.001"/>
<testcase classname="Index" name="renders HTML" time="0.005"/>
<testcase classname="Index" name="renders HTML" time="0.002"/>
<testcase classname="Index" name="renders HTML" time="0.001"/>
<testcase classname="Index" name="renders HTML" time="0.001"/>
<testcase classname="Index" name="renders HTML" time="0.001"/>
<testcase classname="Index" name="renders HTML" time="0.001"/>
<testcase classname="Index" name="renders HTML" time="0.001"/>
<testcase classname="Index" name="renders HTML" time="0.001"/>
<testcase classname="Index" name="renders HTML" time="0.001"/>
<testcase classname="Index" name="renders HTML" time="0.001"/>
<testcase classname="Index" name="renders HTML" time="0.001"/>
<testcase classname="Index" name="renders HTML" time="0.002"/>
<testcase classname="Index" name="renders HTML" time="0.001"/>
<testcase classname="Index" name="renders HTML" time="0.001"/>
<testcase classname="Index" name="renders HTML" time="0.002"/>
<testcase classname="Index" name="renders HTML" time="0.001"/>
<testcase classname="Index" name="renders HTML" time="0.001"/>
<testcase classname="Index" name="renders HTML" time="0.003"/>
<testcase classname="Index" name="renders HTML" time="0.002"/>
<testcase classname="Index" name="renders HTML" time="0.002"/>
<testcase classname="Index" name="renders HTML" time="0.001"/>
<testcase classname="Index" name="renders HTML" time="0.004"/>
<testcase classname="Index" name="renders HTML" time="0.003"/>
<testcase classname="Index" name="renders HTML" time="0.002"/>
<testcase classname="Index" name="renders HTML" time="0.001"/>
<testcase classname="Index" name="renders HTML" time="0.001"/>
<testcase classname="Index" name="renders HTML" time="0.001"/>
<testcase classname="Index" name="renders HTML" time="0.001"/>
<testcase classname="Index" name="renders HTML" time="0.004"/>
<testcase classname="Index" name="renders HTML" time="0.002"/>
<testcase classname="Index" name="renders HTML" time="0.001"/>
<testcase classname="Index" name="renders HTML" time="0.002"/>
<testcase classname="Index" name="renders HTML" time="0.002"/>
<testcase classname="Index" name="renders HTML" time="0.002"/>
<testcase classname="Index" name="renders HTML" time="0.002"/>
<testcase classname="Index" name="renders HTML" time="0.006"/>
<testcase classname="Index" name="renders HTML" time="0.002"/>
<testcase classname="Index" name="renders HTML" time="0.001"/>
<testcase classname="Index" name="renders HTML" time="0.002"/>
<testcase classname="Index" name="renders HTML" time="0.001"/>
<testcase classname="Index" name="renders HTML" time="0.002"/>
<testcase classname="Index" name="renders HTML" time="0.001"/>
<testcase classname="Index" name="renders HTML" time="0.001"/>
<testcase classname="Index" name="renders HTML" time="0.001"/>
<testcase classname="Index" name="renders HTML" time="0.001"/>
<testcase classname="Index" name="renders HTML" time="0.001"/>
<testcase classname="Index" name="renders HTML" time="0.003"/>
<testcase classname="Index" name="renders HTML" time="0.002"/>
<testcase classname="Index" name="renders HTML" time="0.002"/>
<testcase classname="Index" name="renders HTML" time="0.001"/>
<testcase classname="Index" name="renders HTML" time="0.002"/>
<testcase classname="Index" name="renders HTML" time="0.002"/>
<testcase classname="Index" name="renders HTML" time="0.004"/>
<testcase classname="Index" name="renders HTML" time="0.001"/>
<testcase classname="Index" name="renders HTML" time="0.001"/>
<testcase classname="Index" name="renders HTML" time="0.001"/>
<testcase classname="Index" name="renders HTML" time="0.001"/>
<testcase classname="Index" name="renders HTML" time="0.002"/>
<testcase classname="Index" name="renders HTML" time="0.001"/>
<testcase classname="Index" name="renders HTML" time="0.005"/>
<testcase classname="Index" name="renders HTML" time="0.001"/>
<testcase classname="Index" name="renders HTML" time="0.001"/>
<testcase classname="Index" name="renders HTML" time="0.001"/>
<testcase classname="Index" name="renders HTML" time="0.001"/>
<testcase classname="Index" name="renders HTML" time="0.001"/>
<testcase classname="Index" name="renders HTML" time="0.002"/>
<testcase classname="Index" name="renders HTML" time="0.001"/>
<testcase classname="Index" name="renders HTML" time="0.003"/>
<testcase classname="Index" name="renders HTML" time="0.002"/>
<testcase classname="Index" name="renders HTML" time="0.001"/>
<testcase classname="Index" name="renders HTML" time="0.001"/>
<testcase classname="Index" name="renders HTML" time="0.001"/>
<testcase classname="Index" name="renders HTML" time="0.002"/>
<testcase classname="Index" name="renders HTML" time="0.002"/>
<testcase classname="Index" name="renders HTML" time="0.001"/>
<testcase classname="Index" name="renders HTML" time="0.002"/>
<testcase classname="Index" name="renders HTML" time="0.002"/>
<testcase classname="Index" name="renders HTML" time="0.001"/>
<testcase classname="Index" name="renders HTML" time="0.002"/>
<testcase classname="Index" name="renders HTML" time="0.001"/>
<testcase classname="Index" name="renders HTML" time="0.001"/>
<testcase classname="Index" name="renders HTML" time="0.001"/>
<testcase classname="Index" name="renders HTML" time="0.001"/>
<testcase classname="Index" name="renders HTML" time="0.002"/>
<testcase classname="Index" name="renders HTML" time="0.001"/>
<testcase classname="Index" name="renders HTML" time="0.002"/>
<testcase classname="Index" name="renders HTML" time="0.003"/>
<testcase classname="Index" name="renders HTML" time="0.002"/>
<testcase classname="Index" name="renders HTML" time="0.002"/>
<testcase classname="Index" name="renders HTML" time="0.001"/>
<testcase classname="Index" name="renders HTML" time="0.001"/>
<testcase classname="Index" name="renders HTML" time="0.001"/>
<testcase classname="Index" name="renders HTML" time="0.002"/>
<testcase classname="Index" name="renders HTML" time="0.002"/>
<testcase classname="Index" name="renders HTML" time="0.002"/>
<testcase classname="Index" name="renders HTML" time="0.002"/>
<testcase classname="Index" name="renders HTML" time="0.002"/>
<testcase classname="Index" name="renders HTML" time="0.001"/>
<testcase classname="Index" name="renders HTML" time="0.001"/>
<testcase classname="Index" name="renders HTML" time="0.002"/>
<testcase classname="Index" name="renders HTML" time="0.001"/>
<testcase classname="Index" name="renders HTML" time="0.001"/>
<testcase classname="Index" name="renders HTML" time="0.001"/>
<testcase classname="Index" name="renders HTML" time="0.002"/>
<testcase classname="Index" name="renders HTML" time="0.002"/>
<testcase classname="Index" name="renders HTML" time="0.003"/>
<testcase classname="Index" name="renders HTML" time="0.001"/>
<testcase classname="Index" name="renders HTML" time="0.002"/>
<testcase classname="Index" name="renders HTML" time="0.003"/>
<testcase classname="Index" name="renders HTML" time="0.003"/>
<testcase classname="Index" name="renders HTML" time="0.002"/>
<testcase classname="Index" name="renders HTML" time="0.003"/>
<testcase classname="Index" name="renders HTML" time="0.002"/>
<testcase classname="Index" name="renders HTML" time="0.001"/>
<testcase classname="Index" name="renders HTML" time="0.002"/>
<testcase classname="Index" name="renders HTML" time="0.001"/>
<testcase classname="Index" name="renders HTML" time="0.001"/>
<testcase classname="Index" name="renders HTML" time="0.002"/>
<testcase classname="Index" name="renders HTML" time="0.002"/>
<testcase classname="Index" name="renders HTML" time="0.001"/>
<testcase classname="Index" name="renders HTML" time="0.001"/>
<testcase classname="Index" name="renders HTML" time="0.001"/>
<testcase classname="Index" name="renders HTML" time="0.001"/>
<testcase classname="Index" name="renders HTML" time="0.001"/>
<testcase classname="Index" name="renders HTML" time="0.002"/>
<testcase classname="Index" name="renders HTML" time="0.002"/>
<testcase classname="Index" name="renders HTML" time="0.002"/>
<testcase classname="Index" name="renders HTML" time="0.001"/>
<testcase classname="Index" name="renders HTML" time="0.001"/>
<testcase classname="Index" name="renders HTML" time="0.002"/>
<testcase classname="Index" name="renders HTML" time="0.004"/>
<testcase classname="Index" name="renders HTML" time="0.001"/>
<testcase classname="Index" name="renders HTML" time="0.002"/>
<testcase classname="Index" name="renders HTML" time="0.001"/>
<testcase classname="Index" name="renders HTML" time="0.001"/>
<testcase classname="Index" name="renders HTML" time="0.001"/>
<testcase classname="Index" name="renders HTML" time="0.001"/>
<testcase classname="Index" name="renders HTML" time="0.001"/>
<testcase classname="Index" name="renders HTML" time="0.001"/>
<testcase classname="Index" name="renders HTML" time="0.001"/>
<testcase classname="Index" name="renders HTML" time="0.001"/>
<testcase classname="Index" name="renders HTML" time="0.002"/>
<testcase classname="Index" name="renders HTML" time="0.002"/>
<testcase classname="Index" name="renders HTML" time="0.002"/>
<testcase classname="Index" name="renders HTML" time="0.001"/>
<testcase classname="Index" name="renders HTML" time="0.002"/>
<testcase classname="Index" name="renders HTML" time="0.001"/>
<testcase classname="Index" name="renders HTML" time="0.001"/>
<testcase classname="Index" name="renders HTML" time="0.002"/>
<testcase classname="Index" name="renders HTML" time="0.001"/>
<testcase classname="Index" name="renders HTML" time="0.003"/>
<testcase classname="Index" name="renders HTML" time="0.002"/>
<testcase classname="Index" name="renders HTML" time="0.001"/>
<testcase classname="Index" name="renders HTML" time="0.002"/>
<testcase classname="Index" name="renders HTML" time="0.001"/>
<testcase classname="Index" name="renders HTML" time="0.002"/>
<testcase classname="Index" name="renders HTML" time="0.001"/>
<testcase classname="Index" name="renders HTML" time="0.001"/>
<testcase classname="Index" name="renders HTML" time="0.001"/>
<testcase classname="Index" name="renders HTML" time="0.001"/>
<testcase classname="Index" name="renders HTML" time="0.002"/>
<testcase classname="Index" name="renders HTML" time="0.002"/>
<testcase classname="Index" name="renders HTML" time="0.001"/>
<testcase classname="Index" name="renders HTML" time="0.002"/>
<testcase classname="Index" name="renders HTML" time="0.001"/>
<testcase classname="Index" name="renders HTML" time="0.001"/>
<testcase classname="Index" name="renders HTML" time="0.001"/>
<testcase classname="Index" name="renders HTML" time="0.001"/>
<testcase classname="Index" name="renders HTML" time="0.002"/>
<testcase classname="Index" name="renders HTML" time="0.003"/>
<testcase classname="Index" name="renders HTML" time="0.003"/>
<testcase classname="Index" name="renders HTML" time="0.001"/>
<testcase classname="Index" name="renders HTML" time="0.001"/>
<testcase classname="Index" name="renders HTML" time="0.001"/>
<testcase classname="Index" name="renders HTML" time="0.002"/>
<testcase classname="Index" name="renders HTML" time="0.001"/>
<testcase classname="Index" name="renders HTML" time="0.002"/>
<testcase classname="Index" name="renders HTML" time="0.002"/>
<testcase classname="Index" name="renders HTML" time="0.002"/>
<testcase classname="Index" name="renders HTML" time="0.001"/>
<testcase classname="Index" name="renders HTML" time="0.001"/>
<testcase classname="Index" name="renders HTML" time="0.001"/>
<testcase classname="Index" name="renders HTML" time="0.001"/>
<testcase classname="Index" name="renders HTML" time="0.001"/>
<testcase classname="Index" name="renders HTML" time="0.016"/>
<testcase classname="Index" name="renders HTML" time="0.001"/>
<testcase classname="Index" name="renders HTML" time="0.001"/>
<testcase classname="Index" name="renders HTML" time="0.001"/>
<testcase classname="Index" name="renders HTML" time="0.002"/>
<testcase classname="Index" name="renders HTML" time="0.002"/>
<testcase classname="Index" name="renders HTML" time="0.004"/>
<testcase classname="Index" name="renders HTML" time="0.001"/>
<testcase classname="Index" name="renders HTML" time="0.002"/>
<testcase classname="Index" name="renders HTML" time="0.001"/>
<testcase classname="Index" name="renders HTML" time="0.001"/>
<testcase classname="Index" name="renders HTML" time="0.001"/>
<testcase classname="Index" name="renders HTML" time="0.002"/>
<testcase classname="Index" name="renders HTML" time="0.001"/>
<testcase classname="Index" name="renders HTML" time="0.002"/>
<testcase classname="Index" name="renders HTML" time="0.001"/>
<testcase classname="Index" name="renders HTML" time="0.001"/>
<testcase classname="Index" name="renders HTML" time="0.001"/>
<testcase classname="Index" name="renders HTML" time="0.001"/>
<testcase classname="Index" name="renders HTML" time="0.002"/>
<testcase classname="Index" name="renders HTML" time="0.001"/>
<testcase classname="Index" name="renders HTML" time="0.002"/>
<testcase classname="Index" name="renders HTML" time="0.002"/>
<testcase classname="Index" name="renders HTML" time="0.002"/>
<testcase classname="Index" name="renders HTML" time="0.001"/>
<testcase classname="Index" name="renders HTML" time="0.004"/>
<testcase classname="Index" name="renders HTML" time="0.002"/>
<testcase classname="Index" name="renders HTML" time="0.001"/>
<testcase classname="Index" name="renders HTML" time="0.001"/>
<testcase classname="Index" name="renders HTML" time="0.001"/>
<testcase classname="Index" name="renders HTML" time="0.001"/>
<testcase classname="Index" name="renders HTML" time="0.001"/>
<testcase classname="Index" name="renders HTML" time="0.001"/>
<testcase classname="Index" name="renders HTML" time="0.001"/>
<testcase classname="Index" name="renders HTML" time="0.002"/>
<testcase classname="Index" name="renders HTML" time="0.001"/>
<testcase classname="Index" name="renders HTML" time="0.002"/>
<testcase classname="Index" name="renders HTML" time="0.001"/>
<testcase classname="Index" name="renders HTML" time="0.002"/>
<testcase classname="Index" name="renders HTML" time="0.002"/>
<testcase classname="Index" name="renders HTML" time="0.002"/>
<testcase classname="Index" name="renders HTML" time="0.001"/>
<testcase classname="Index" name="renders HTML" time="0.001"/>
<testcase classname="Index" name="renders HTML" time="0.001"/>
<testcase classname="Index" name="renders HTML" time="0.003"/>
<testcase classname="Index" name="renders HTML" time="0.002"/>
<testcase classname="Index" name="renders HTML" time="0.001"/>
<testcase classname="Index" name="renders HTML" time="0.001"/>
<testcase classname="Index" name="renders HTML" time="0.001"/>
<testcase classname="Index" name="renders HTML" time="0.001"/>
<testcase classname="Index" name="renders HTML" time="0.002"/>
<testcase classname="Index" name="renders HTML" time="0.001"/>
<testcase classname="Index" name="renders HTML" time="0.001"/>
<testcase classname="Index" name="renders HTML" time="0.001"/>
<testcase classname="Index" name="renders HTML" time="0.001"/>
<testcase classname="Index" name="renders HTML" time="0.002"/>
<testcase classname="Index" name="renders HTML" time="0.002"/>
<testcase classname="Index" name="renders HTML" time="0.001"/>
<testcase classname="Index" name="renders HTML" time="0.001"/>
<testcase classname="Index" name="renders HTML" time="0.001"/>
<testcase classname="Index" name="renders HTML" time="0.001"/>
<testcase classname="Index" name="renders HTML" time="0.001"/>
<testcase classname="Index" name="renders HTML" time="0.001"/>
<testcase classname="Index" name="renders HTML" time="0.004"/>
<testcase classname="Index" name="renders HTML" time="0.002"/>
<testcase classname="Index" name="renders HTML" time="0.001"/>
<testcase classname="Index" name="renders HTML" time="0.002"/>
<testcase classname="Index" name="renders HTML" time="0.001"/>
<testcase classname="Index" name="renders HTML" time="0.002"/>
<testcase classname="Index" name="renders HTML" time="0.002"/>
<testcase classname="Index" name="renders HTML" time="0.001"/>
<testcase classname="Index" name="renders HTML" time="0.001"/>
<testcase classname="Index" name="renders HTML" time="0.001"/>
<testcase classname="Index" name="renders HTML" time="0.001"/>
<testcase classname="Index" name="renders HTML" time="0.001"/>
<testcase classname="Index" name="renders HTML" time="0.001"/>
<testcase classname="Index" name="renders HTML" time="0.001"/>
<testcase classname="Index" name="renders HTML" time="0.001"/>
<testcase classname="Index" name="renders HTML" time="0.001"/>
<testcase classname="Index" name="renders HTML" time="0.001"/>
<testcase classname="Index" name="renders HTML" time="0.002"/>
<testcase classname="Index" name="renders HTML" time="0.002"/>
<testcase classname="Index" name="renders HTML" time="0.004"/>
<testcase classname="Index" name="renders HTML" time="0.001"/>
<testcase classname="Index" name="renders HTML" time="0.002"/>
<testcase classname="Index" name="renders HTML" time="0.001"/>
<testcase classname="Index" name="renders HTML" time="0.001"/>
<testcase classname="Index" name="renders HTML" time="0.002"/>
<testcase classname="Index" name="renders HTML" time="0.001"/>
<testcase classname="Index" name="renders HTML" time="0.002"/>
<testcase classname="Index" name="renders HTML" time="0.002"/>
<testcase classname="Index" name="renders HTML" time="0.002"/>
<testcase classname="Index" name="renders HTML" time="0.001"/>
<testcase classname="Index" name="renders HTML" time="0.002"/>
<testcase classname="Index" name="renders HTML" time="0.001"/>
<testcase classname="Index" name="renders HTML" time="0.001"/>
<testcase classname="Index" name="renders HTML" time="0.001"/>
<testcase classname="Index" name="renders HTML" time="0.002"/>
<testcase classname="Index" name="renders HTML" time="0.001"/>
<testcase classname="Index" name="renders HTML" time="0.001"/>
<testcase classname="Index" name="renders HTML" time="0.001"/>
<testcase classname="Index" name="renders HTML" time="0.004"/>
<testcase classname="Index" name="renders HTML" time="0.002"/>
<testcase classname="Index" name="renders HTML" time="0.001"/>
<testcase classname="Index" name="renders HTML" time="0.002"/>
<testcase classname="Index" name="renders HTML" time="0.001"/>
<testcase classname="Index" name="renders HTML" time="0.002"/>
<testcase classname="Index" name="renders HTML" time="0.002"/>
<testcase classname="Index" name="renders HTML" time="0.002"/>
<testcase classname="Index" name="renders HTML" time="0.001"/>
<testcase classname="Index" name="renders HTML" time="0.002"/>
<testcase classname="Index" name="renders HTML" time="0.001"/>
<testcase classname="Index" name="renders HTML" time="0.002"/>
<testcase classname="Index" name="renders HTML" time="0.001"/>
<testcase classname="Index" name="renders HTML" time="0.002"/>
<testcase classname="Index" name="renders HTML" time="0.001"/>
<testcase classname="Index" name="renders HTML" time="0.001"/>
<testcase classname="Index" name="renders HTML" time="0.001"/>
<testcase classname="Index" name="renders HTML" time="0.002"/>
<testcase classname="Index" name="renders HTML" time="0.003"/>
<testcase classname="Index" name="renders HTML" time="0.003"/>
<testcase classname="Index" name="renders HTML" time="0.002"/>
<testcase classname="Index" name="renders HTML" time="0.001"/>
<testcase classname="Index" name="renders HTML" time="0.002"/>
<testcase classname="Index" name="renders HTML" time="0.002"/>
<testcase classname="Index" name="renders HTML" time="0.002"/>
<testcase classname="Index" name="renders HTML" time="0.001"/>
<testcase classname="Index" name="renders HTML" time="0.005"/>
<testcase classname="Index" name="renders HTML" time="0.002"/>
<testcase classname="Index" name="renders HTML" time="0.001"/>
<testcase classname="Index" name="renders HTML" time="0.002"/>
<testcase classname="Index" name="renders HTML" time="0.001"/>
<testcase classname="Index" name="renders HTML" time="0.002"/>
<testcase classname="Index" name="renders HTML" time="0.001"/>
<testcase classname="Index" name="renders HTML" time="0.002"/>
<testcase classname="Index" name="renders HTML" time="0.001"/>
<testcase classname="Index" name="renders HTML" time="0.002"/>
<testcase classname="Index" name="renders HTML" time="0.001"/>
<testcase classname="Index" name="renders HTML" time="0.001"/>
<testcase classname="Index" name="renders HTML" time="0.002"/>
<testcase classname="Index" name="renders HTML" time="0.002"/>
<testcase classname="Index" name="renders HTML" time="0.001"/>
<testcase classname="Index" name="renders HTML" time="0.001"/>
<testcase classname="Index" name="renders HTML" time="0.002"/>
<testcase classname="Index" name="renders HTML" time="0.001"/>
<testcase classname="Index" name="renders HTML" time="0.003"/>
<testcase classname="Index" name="renders HTML" time="0.002"/>
<testcase classname="Index" name="renders HTML" time="0.001"/>
<testcase classname="Index" name="renders HTML" time="0.001"/>
<testcase classname="Index" name="renders HTML" time="0.001"/>
<testcase classname="Index" name="renders HTML" time="0.001"/>
<testcase classname="Index" name="renders HTML" time="0.002"/>
<testcase classname="Index" name="renders HTML" time="0.001"/>
<testcase classname="Index" name="renders HTML" time="0.002"/>
<testcase classname="Index" name="renders HTML" time="0.001"/>
<testcase classname="Index" name="renders HTML" time="0.002"/>
<testcase classname="Index" name="renders HTML" time="0.001"/>
<testcase classname="Index" name="renders HTML" time="0.002"/>
<testcase classname="Index" name="renders HTML" time="0.001"/>
<testcase classname="Index" name="renders HTML" time="0.001"/>
<testcase classname="Index" name="renders HTML" time="0.001"/>
<testcase classname="Index" name="renders HTML" time="0.002"/>
<testcase classname="Index" name="renders HTML" time="0.002"/>
<testcase classname="Index" name="renders HTML" time="0.002"/>
<testcase classname="Index" name="renders HTML" time="0.005"/>
<testcase classname="Index" name="renders HTML" time="0.001"/>
<testcase classname="Index" name="renders HTML" time="0.001"/>
<testcase classname="Index" name="renders HTML" time="0.001"/>
<testcase classname="Index" name="renders HTML" time="0.001"/>
<testcase classname="Index" name="renders HTML" time="0.002"/>
<testcase classname="Index" name="renders HTML" time="0.002"/>
<testcase classname="Index" name="renders HTML" time="0.001"/>
<testcase classname="Index" name="renders HTML" time="0.002"/>
<testcase classname="Index" name="renders HTML" time="0.002"/>
<testcase classname="Index" name="renders HTML" time="0.001"/>
<testcase classname="Index" name="renders HTML" time="0.002"/>
<testcase classname="Index" name="renders HTML" time="0.001"/>
<testcase classname="Index" name="renders HTML" time="0.002"/>
<testcase classname="Index" name="renders HTML" time="0.001"/>
<testcase classname="Index" name="renders HTML" time="0.002"/>
<testcase classname="Index" name="renders HTML" time="0.002"/>
<testcase classname="Index" name="renders HTML" time="0.003"/>
<testcase classname="Index" name="renders HTML" time="0.003"/>
<testcase classname="Index" name="renders HTML" time="0.001"/>
<testcase classname="Index" name="renders HTML" time="0.001"/>
<testcase classname="Index" name="renders HTML" time="0.001"/>
<testcase classname="Index" name="renders HTML" time="0.001"/>
<testcase classname="Index" name="renders HTML" time="0.001"/>
<testcase classname="Index" name="renders HTML" time="0.002"/>
<testcase classname="Index" name="renders HTML" time="0.002"/>
<testcase classname="Index" name="renders HTML" time="0.001"/>
<testcase classname="Index" name="renders HTML" time="0.001"/>
<testcase classname="Index" name="renders HTML" time="0.001"/>
<testcase classname="Index" name="renders HTML" time="0.001"/>
<testcase classname="Index" name="renders HTML" time="0.001"/>
<testcase classname="Index" name="renders HTML" time="0.002"/>
<testcase classname="Index" name="renders HTML" time="0.001"/>
<testcase classname="Index" name="renders HTML" time="0.002"/>
<testcase classname="Index" name="renders HTML" time="0.002"/>
<testcase classname="Index" name="renders HTML" time="0.005"/>
<testcase classname="Index" name="renders HTML" time="0.001"/>
<testcase classname="Index" name="renders HTML" time="0.002"/>
<testcase classname="Index" name="renders HTML" time="0.001"/>
<testcase classname="Index" name="renders HTML" time="0.002"/>
<testcase classname="Index" name="renders HTML" time="0.002"/>
<testcase classname="Index" name="renders HTML" time="0.002"/>
<testcase classname="Index" name="renders HTML" time="0.002"/>
<testcase classname="Index" name="renders HTML" time="0.004"/>
<testcase classname="Index" name="renders HTML" time="0.001"/>
<testcase classname="Index" name="renders HTML" time="0.001"/>
<testcase classname="Index" name="renders HTML" time="0.002"/>
<testcase classname="Index" name="renders HTML" time="0.001"/>
<testcase classname="Index" name="renders HTML" time="0.002"/>
<testcase classname="Index" name="renders HTML" time="0.001"/>
<testcase classname="Index" name="renders HTML" time="0.001"/>
<testcase classname="Index" name="renders HTML" time="0.001"/>
<testcase classname="Index" name="renders HTML" time="0.001"/>
<testcase classname="Index" name="renders HTML" time="0.001"/>
<testcase classname="Index" name="renders HTML" time="0.002"/>
<testcase classname="Index" name="renders HTML" time="0.001"/>
<testcase classname="Index" name="renders HTML" time="0.002"/>
<testcase classname="Index" name="renders HTML" time="0.002"/>
<testcase classname="Index" name="renders HTML" time="0.002"/>
<testcase classname="Index" name="renders HTML" time="0.001"/>
<testcase classname="Index" name="renders HTML" time="0.002"/>
<testcase classname="Index" name="renders HTML" time="0.003"/>
<testcase classname="Index" name="renders HTML" time="0.003"/>
<testcase classname="Index" name="renders HTML" time="0.001"/>
<testcase classname="Index" name="renders HTML" time="0.002"/>
<testcase classname="Index" name="renders HTML" time="0.001"/>
<testcase classname="Index" name="renders HTML" time="0.001"/>
<testcase classname="Index" name="renders HTML" time="0.001"/>
<testcase classname="Index" name="renders HTML" time="0.001"/>
<testcase classname="Index" name="renders HTML" time="0.001"/>
<testcase classname="Index" name="renders HTML" time="0.001"/>
<testcase classname="Index" name="renders HTML" time="0.001"/>
<testcase classname="Index" name="renders HTML" time="0.002"/>
<testcase classname="Index" name="renders HTML" time="0.001"/>
<testcase classname="Index" name="renders HTML" time="0.001"/>
<testcase classname="Index" name="renders HTML" time="0.001"/>
<testcase classname="Index" name="renders HTML" time="0.002"/>
<testcase classname="Index" name="renders HTML" time="0.001"/>
<testcase classname="Index" name="renders HTML" time="0.001"/>
<testcase classname="Index" name="renders HTML" time="0.008"/>
<testcase classname="Index" name="renders HTML" time="0.002"/>
<testcase classname="Index" name="renders HTML" time="0.001"/>
<testcase classname="Index" name="renders HTML" time="0.001"/>
<testcase classname="Index" name="renders HTML" time="0.001"/>
<testcase classname="Index" name="renders HTML" time="0.002"/>
<testcase classname="Index" name="renders HTML" time="0.001"/>
<testcase classname="Index" name="renders HTML" time="0.002"/>
<testcase classname="Index" name="renders HTML" time="0.001"/>
<testcase classname="Index" name="renders HTML" time="0.002"/>
<testcase classname="Index" name="renders HTML" time="0.001"/>
<testcase classname="Index" name="renders HTML" time="0.001"/>
<testcase classname="Index" name="renders HTML" time="0.001"/>
<testcase classname="Index" name="renders HTML" time="0.001"/>
<testcase classname="Index" name="renders HTML" time="0.001"/>
<testcase classname="Index" name="renders HTML" time="0.001"/>
<testcase classname="Index" name="renders HTML" time="0.001"/>
<testcase classname="Index" name="renders HTML" time="0.001"/>
<testcase classname="Index" name="renders HTML" time="0.002"/>
<testcase classname="Index" name="renders HTML" time="0.003"/>
<testcase classname="Index" name="renders HTML" time="0.001"/>
<testcase classname="Index" name="renders HTML" time="0.001"/>
<testcase classname="Index" name="renders HTML" time="0.001"/>
<testcase classname="Index" name="renders HTML" time="0.002"/>
<testcase classname="Index" name="renders HTML" time="0.001"/>
<testcase classname="Index" name="renders HTML" time="0.001"/>
<testcase classname="Index" name="renders HTML" time="0.002"/>
<testcase classname="Index" name="renders HTML" time="0.001"/>
<testcase classname="Index" name="renders HTML" time="0.002"/>
<testcase classname="Index" name="renders HTML" time="0.001"/>
<testcase classname="Index" name="renders HTML" time="0.001"/>
<testcase classname="Index" name="renders HTML" time="0.001"/>
<testcase classname="Index" name="renders HTML" time="0.002"/>
<testcase classname="Index" name="renders HTML" time="0.001"/>
<testcase classname="Index" name="renders HTML" time="0.001"/>
<testcase classname="Index" name="renders HTML" time="0.001"/>
<testcase classname="Index" name="renders HTML" time="0.001"/>
<testcase classname="Index" name="renders HTML" time="0.002"/>
<testcase classname="Index" name="renders HTML" time="0.003"/>
<testcase classname="Index" name="renders HTML" time="0.002"/>
<testcase classname="Index" name="renders HTML" time="0.001"/>
<testcase classname="Index" name="renders HTML" time="0.001"/>
<testcase classname="Index" name="renders HTML" time="0.001"/>
<testcase classname="Index" name="renders HTML" time="0.001"/>
<testcase classname="Index" name="renders HTML" time="0.002"/>
<testcase classname="Index" name="renders HTML" time="0.002"/>
<testcase classname="Index" name="renders HTML" time="0.001"/>
<testcase classname="Index" name="renders HTML" time="0.002"/>
<testcase classname="Index" name="renders HTML" time="0.001"/>
<testcase classname="Index" name="renders HTML" time="0.002"/>
<testcase classname="Index" name="renders HTML" time="0.001"/>
<testcase classname="Index" name="renders HTML" time="0.002"/>
<testcase classname="Index" name="renders HTML" time="0.001"/>
<testcase classname="Index" name="renders HTML" time="0.001"/>
<testcase classname="Index" name="renders HTML" time="0.002"/>
<testcase classname="Index" name="renders HTML" time="0.001"/>
<testcase classname="Index" name="renders HTML" time="0.001"/>
<testcase classname="Index" name="renders HTML" time="0.001"/>
<testcase classname="Index" name="renders HTML" time="0.001"/>
<testcase classname="Index" name="renders HTML" time="0.001"/>
<testcase classname="Index" name="renders HTML" time="0.002"/>
<testcase classname="Index" name="renders HTML" time="0.001"/>
<testcase classname="Index" name="renders HTML" time="0.007"/>
<testcase classname="Index" name="renders HTML" time="0.002"/>
<testcase classname="Index" name="renders HTML" time="0.001"/>
<testcase classname="Index" name="renders HTML" time="0.002"/>
<testcase classname="Index" name="renders HTML" time="0.002"/>
<testcase classname="Index" name="renders HTML" time="0.008"/>
<testcase classname="Index" name="renders HTML" time="0.003"/>
<testcase classname="Index" name="renders HTML" time="0.001"/>
<testcase classname="Index" name="renders HTML" time="0.002"/>
<testcase classname="Index" name="renders HTML" time="0.002"/>
<testcase classname="Index" name="renders HTML" time="0.002"/>
<testcase classname="Index" name="renders HTML" time="0.002"/>
<testcase classname="Index" name="renders HTML" time="0.002"/>
<testcase classname="Index" name="renders HTML" time="0.001"/>
<testcase classname="Index" name="renders HTML" time="0.003"/>
<testcase classname="Index" name="renders HTML" time="0.002"/>
<testcase classname="Index" name="renders HTML" time="0.002"/>
<testcase classname="Index" name="renders HTML" time="0.001"/>
<testcase classname="Index" name="renders HTML" time="0.007"/>
<testcase classname="Index" name="renders HTML" time="0.002"/>
<testcase classname="Index" name="renders HTML" time="0.001"/>
<testcase classname="Index" name="renders HTML" time="0.01"/>
<testcase classname="Index" name="renders HTML" time="0.001"/>
<testcase classname="Index" name="renders HTML" time="0.005"/>
<testcase classname="Index" name="renders HTML" time="0.002"/>
<testcase classname="Index" name="renders HTML" time="0.002"/>
<testcase classname="Index" name="renders HTML" time="0.006"/>
<testcase classname="Index" name="renders HTML" time="0.001"/>
<testcase classname="Index" name="renders HTML" time="0.002"/>
<testcase classname="Index" name="renders HTML" time="0.001"/>
<testcase classname="Index" name="renders HTML" time="0.002"/>
<testcase classname="Index" name="renders HTML" time="0.001"/>
<testcase classname="Index" name="renders HTML" time="0.001"/>
<testcase classname="Index" name="renders HTML" time="0.002"/>
<testcase classname="Index" name="renders HTML" time="0.002"/>
<testcase classname="Index" name="renders HTML" time="0.001"/>
<testcase classname="Index" name="renders HTML" time="0.003"/>
<testcase classname="Index" name="renders HTML" time="0.002"/>
<testcase classname="Index" name="renders HTML" time="0.001"/>
<testcase classname="Index" name="renders HTML" time="0.001"/>
<testcase classname="Index" name="renders HTML" time="0.001"/>
<testcase classname="Index" name="renders HTML" time="0.002"/>
<testcase classname="Index" name="renders HTML" time="0.003"/>
<testcase classname="Index" name="renders HTML" time="0.003"/>
<testcase classname="Index" name="renders HTML" time="0.001"/>
<testcase classname="Index" name="renders HTML" time="0.002"/>
<testcase classname="Index" name="renders HTML" time="0.002"/>
<testcase classname="Index" name="renders HTML" time="0.002"/>
<testcase classname="Index" name="renders HTML" time="0.002"/>
<testcase classname="Index" name="renders HTML" time="0.001"/>
<testcase classname="Index" name="renders HTML" time="0.002"/>
<testcase classname="Index" name="renders HTML" time="0.003"/>
<testcase classname="Index" name="renders HTML" time="0.001"/>
<testcase classname="Index" name="renders HTML" time="0.001"/>
<testcase classname="Index" name="renders HTML" time="0.002"/>
<testcase classname="Index" name="renders HTML" time="0.001"/>
<testcase classname="Index" name="renders HTML" time="0.001"/>
<testcase classname="Index" name="renders HTML" time="0.002"/>
<testcase classname="Index" name="renders HTML" time="0.001"/>
<testcase classname="Index" name="renders HTML" time="0.005"/>
<testcase classname="Index" name="renders HTML" time="0.002"/>
<testcase classname="Index" name="renders HTML" time="0.002"/>
<testcase classname="Index" name="renders HTML" time="0.002"/>
<testcase classname="Index" name="renders HTML" time="0.003"/>
<testcase classname="Index" name="renders HTML" time="0.004"/>
<testcase classname="Index" name="renders HTML" time="0.003"/>
<testcase classname="Index" name="renders HTML" time="0.006"/>
<testcase classname="Index" name="renders HTML" time="0.002"/>
<testcase classname="Index" name="renders HTML" time="0.001"/>
<testcase classname="Index" name="renders HTML" time="0.003"/>
<testcase classname="Index" name="renders HTML" time="0.005"/>
<testcase classname="Index" name="renders HTML" time="0.002"/>
<testcase classname="Index" name="renders HTML" time="0.002"/>
<testcase classname="Index" name="renders HTML" time="0.003"/>
<testcase classname="Index" name="renders HTML" time="0.002"/>
<testcase classname="Index" name="renders HTML" time="0.001"/>
<testcase classname="Index" name="renders HTML" time="0.005"/>
<testcase classname="Index" name="renders HTML" time="0.003"/>
<testcase classname="Index" name="renders HTML" time="0.005"/>
<testcase classname="Index" name="renders HTML" time="0.002"/>
<testcase classname="Index" name="renders HTML" time="0.002"/>
<testcase classname="Index" name="renders HTML" time="0.002"/>
<testcase classname="Index" name="renders HTML" time="0.002"/>
<testcase classname="Index" name="renders HTML" time="0.002"/>
<testcase classname="Index" name="renders HTML" time="0.004"/>
<testcase classname="Index" name="renders HTML" time="0.003"/>
<testcase classname="Index" name="renders HTML" time="0.002"/>
<testcase classname="Index" name="renders HTML" time="0.01"/>
<testcase classname="Index" name="renders HTML" time="0.007"/>
<testcase classname="Index" name="renders HTML" time="0.004"/>
<testcase classname="Index" name="renders HTML" time="0.002"/>
<testcase classname="Index" name="renders HTML" time="0.001"/>
<testcase classname="Index" name="renders HTML" time="0.001"/>
<testcase classname="Index" name="renders HTML" time="0.001"/>
<testcase classname="Index" name="renders HTML" time="0.004"/>
<testcase classname="Index" name="renders HTML" time="0.002"/>
<testcase classname="Index" name="renders HTML" time="0.002"/>
<testcase classname="Index" name="renders HTML" time="0.002"/>
<testcase classname="Index" name="renders HTML" time="0.002"/>
<testcase classname="Index" name="renders HTML" time="0.001"/>
<testcase classname="Index" name="renders HTML" time="0.001"/>
<testcase classname="Index" name="renders HTML" time="0.002"/>
<testcase classname="Index" name="renders HTML" time="0.002"/>
<testcase classname="Index" name="renders HTML" time="0.002"/>
<testcase classname="Index" name="renders HTML" time="0.001"/>
<testcase classname="Index" name="renders HTML" time="0.001"/>
<testcase classname="Index" name="renders HTML" time="0.001"/>
</testsuite>
